{"meta": {"format": 3, "version": "7.10.4", "timestamp": "2025-08-17T23:27:03.437498", "branch_coverage": true, "show_contexts": false}, "files": {"pg_neo_graph_rl/__init__.py": {"executed_lines": [1, 8, 9, 11, 12, 13, 14, 16], "summary": {"covered_lines": 7, "num_statements": 7, "percent_covered": 100.0, "percent_covered_display": "100", "missing_lines": 0, "excluded_lines": 0, "num_branches": 0, "num_partial_branches": 0, "covered_branches": 0, "missing_branches": 0}, "missing_lines": [], "excluded_lines": [], "executed_branches": [], "missing_branches": [], "functions": {"": {"executed_lines": [1, 8, 9, 11, 12, 13, 14, 16], "summary": {"covered_lines": 7, "num_statements": 7, "percent_covered": 100.0, "percent_covered_display": "100", "missing_lines": 0, "excluded_lines": 0, "num_branches": 0, "num_partial_branches": 0, "covered_branches": 0, "missing_branches": 0}, "missing_lines": [], "excluded_lines": [], "executed_branches": [], "missing_branches": []}}, "classes": {"": {"executed_lines": [1, 8, 9, 11, 12, 13, 14, 16], "summary": {"covered_lines": 7, "num_statements": 7, "percent_covered": 100.0, "percent_covered_display": "100", "missing_lines": 0, "excluded_lines": 0, "num_branches": 0, "num_partial_branches": 0, "covered_branches": 0, "missing_branches": 0}, "missing_lines": [], "excluded_lines": [], "executed_branches": [], "missing_branches": []}}}, "pg_neo_graph_rl/algorithms/__init__.py": {"executed_lines": [1, 3, 4, 6], "summary": {"covered_lines": 3, "num_statements": 3, "percent_covered": 100.0, "percent_covered_display": "100", "missing_lines": 0, "excluded_lines": 0, "num_branches": 0, "num_partial_branches": 0, "covered_branches": 0, "missing_branches": 0}, "missing_lines": [], "excluded_lines": [], "executed_branches": [], "missing_branches": [], "functions": {"": {"executed_lines": [1, 3, 4, 6], "summary": {"covered_lines": 3, "num_statements": 3, "percent_covered": 100.0, "percent_covered_display": "100", "missing_lines": 0, "excluded_lines": 0, "num_branches": 0, "num_partial_branches": 0, "covered_branches": 0, "missing_branches": 0}, "missing_lines": [], "excluded_lines": [], "executed_branches": [], "missing_branches": []}}, "classes": {"": {"executed_lines": [1, 3, 4, 6], "summary": {"covered_lines": 3, "num_statements": 3, "percent_covered": 100.0, "percent_covered_display": "100", "missing_lines": 0, "excluded_lines": 0, "num_branches": 0, "num_partial_branches": 0, "covered_branches": 0, "missing_branches": 0}, "missing_lines": [], "excluded_lines": [], "executed_branches": [], "missing_branches": []}}}, "pg_neo_graph_rl/algorithms/graph_ppo.py": {"executed_lines": [1, 4, 5, 7, 8, 9, 10, 12, 13, 16, 17, 18, 19, 20, 21, 22, 23, 24, 25, 28, 29, 33, 34, 35, 37, 48, 81, 82, 86, 87, 89, 100, 133, 134, 140, 171, 192, 242, 278, 364, 434, 463, 497], "summary": {"covered_lines": 38, "num_statements": 170, "percent_covered": 20.652173913043477, "percent_covered_display": "21", "missing_lines": 132, "excluded_lines": 0, "num_branches": 14, "num_partial_branches": 0, "covered_branches": 0, "missing_branches": 14}, "missing_lines": [39, 44, 45, 46, 66, 69, 70, 71, 72, 73, 76, 78, 91, 96, 97, 98, 118, 121, 122, 123, 124, 125, 128, 130, 154, 155, 156, 157, 160, 161, 164, 165, 168, 169, 174, 175, 176, 179, 181, 184, 187, 190, 205, 206, 216, 217, 220, 221, 224, 225, 234, 240, 258, 259, 262, 263, 264, 265, 267, 269, 270, 271, 274, 276, 301, 302, 311, 312, 322, 325, 326, 327, 328, 329, 330, 331, 333, 336, 339, 340, 341, 344, 347, 348, 351, 355, 362, 375, 376, 377, 378, 379, 380, 383, 386, 389, 390, 394, 396, 401, 404, 407, 410, 411, 412, 416, 418, 420, 422, 425, 427, 450, 452, 461, 474, 475, 476, 477, 478, 479, 482, 483, 486, 487, 490, 492, 493, 495, 505, 508, 511, 514], "excluded_lines": [], "executed_branches": [], "missing_branches": [[69, 70], [69, 76], [72, 69], [72, 73], [121, 122], [121, 128], [124, 121], [124, 125], [263, 264], [263, 274], [264, 265], [264, 267], [325, 326], [325, 333]], "functions": {"GraphPolicyNetwork.setup": {"executed_lines": [], "summary": {"covered_lines": 0, "num_statements": 4, "percent_covered": 0.0, "percent_covered_display": "0", "missing_lines": 4, "excluded_lines": 0, "num_branches": 0, "num_partial_branches": 0, "covered_branches": 0, "missing_branches": 0}, "missing_lines": [39, 44, 45, 46], "excluded_lines": [], "executed_branches": [], "missing_branches": []}, "GraphPolicyNetwork.__call__": {"executed_lines": [], "summary": {"covered_lines": 0, "num_statements": 8, "percent_covered": 0.0, "percent_covered_display": "0", "missing_lines": 8, "excluded_lines": 0, "num_branches": 4, "num_partial_branches": 0, "covered_branches": 0, "missing_branches": 4}, "missing_lines": [66, 69, 70, 71, 72, 73, 76, 78], "excluded_lines": [], "executed_branches": [], "missing_branches": [[69, 70], [69, 76], [72, 69], [72, 73]]}, "GraphValueNetwork.setup": {"executed_lines": [], "summary": {"covered_lines": 0, "num_statements": 4, "percent_covered": 0.0, "percent_covered_display": "0", "missing_lines": 4, "excluded_lines": 0, "num_branches": 0, "num_partial_branches": 0, "covered_branches": 0, "missing_branches": 0}, "missing_lines": [91, 96, 97, 98], "excluded_lines": [], "executed_branches": [], "missing_branches": []}, "GraphValueNetwork.__call__": {"executed_lines": [], "summary": {"covered_lines": 0, "num_statements": 8, "percent_covered": 0.0, "percent_covered_display": "0", "missing_lines": 8, "excluded_lines": 0, "num_branches": 4, "num_partial_branches": 0, "covered_branches": 0, "missing_branches": 4}, "missing_lines": [118, 121, 122, 123, 124, 125, 128, 130], "excluded_lines": [], "executed_branches": [], "missing_branches": [[121, 122], [121, 128], [124, 121], [124, 125]]}, "GraphPPO.__init__": {"executed_lines": [], "summary": {"covered_lines": 0, "num_statements": 10, "percent_covered": 0.0, "percent_covered_display": "0", "missing_lines": 10, "excluded_lines": 0, "num_branches": 0, "num_partial_branches": 0, "covered_branches": 0, "missing_branches": 0}, "missing_lines": [154, 155, 156, 157, 160, 161, 164, 165, 168, 169], "excluded_lines": [], "executed_branches": [], "missing_branches": []}, "GraphPPO._init_networks": {"executed_lines": [], "summary": {"covered_lines": 0, "num_statements": 8, "percent_covered": 0.0, "percent_covered_display": "0", "missing_lines": 8, "excluded_lines": 0, "num_branches": 0, "num_partial_branches": 0, "covered_branches": 0, "missing_branches": 0}, "missing_lines": [174, 175, 176, 179, 181, 184, 187, 190], "excluded_lines": [], "executed_branches": [], "missing_branches": []}, "GraphPPO.act": {"executed_lines": [], "summary": {"covered_lines": 0, "num_statements": 10, "percent_covered": 0.0, "percent_covered_display": "0", "missing_lines": 10, "excluded_lines": 0, "num_branches": 0, "num_partial_branches": 0, "covered_branches": 0, "missing_branches": 0}, "missing_lines": [205, 206, 216, 217, 220, 221, 224, 225, 234, 240], "excluded_lines": [], "executed_branches": [], "missing_branches": []}, "GraphPPO.compute_advantages": {"executed_lines": [], "summary": {"covered_lines": 0, "num_statements": 12, "percent_covered": 0.0, "percent_covered_display": "0", "missing_lines": 12, "excluded_lines": 0, "num_branches": 4, "num_partial_branches": 0, "covered_branches": 0, "missing_branches": 4}, "missing_lines": [258, 259, 262, 263, 264, 265, 267, 269, 270, 271, 274, 276], "excluded_lines": [], "executed_branches": [], "missing_branches": [[263, 264], [263, 274], [264, 265], [264, 267]]}, "GraphPPO.compute_loss": {"executed_lines": [], "summary": {"covered_lines": 0, "num_statements": 23, "percent_covered": 0.0, "percent_covered_display": "0", "missing_lines": 23, "excluded_lines": 0, "num_branches": 2, "num_partial_branches": 0, "covered_branches": 0, "missing_branches": 2}, "missing_lines": [301, 302, 311, 312, 322, 325, 326, 327, 328, 329, 330, 331, 333, 336, 339, 340, 341, 344, 347, 348, 351, 355, 362], "excluded_lines": [], "executed_branches": [], "missing_branches": [[325, 326], [325, 333]]}, "GraphPPO.update": {"executed_lines": [], "summary": {"covered_lines": 0, "num_statements": 19, "percent_covered": 0.0, "percent_covered_display": "0", "missing_lines": 19, "excluded_lines": 0, "num_branches": 0, "num_partial_branches": 0, "covered_branches": 0, "missing_branches": 0}, "missing_lines": [375, 376, 377, 378, 379, 380, 383, 386, 389, 396, 401, 404, 407, 410, 418, 420, 422, 425, 427], "excluded_lines": [], "executed_branches": [], "missing_branches": []}, "GraphPPO.update.policy_loss_fn": {"executed_lines": [], "summary": {"covered_lines": 0, "num_statements": 2, "percent_covered": 0.0, "percent_covered_display": "0", "missing_lines": 2, "excluded_lines": 0, "num_branches": 0, "num_partial_branches": 0, "covered_branches": 0, "missing_branches": 0}, "missing_lines": [390, 394], "excluded_lines": [], "executed_branches": [], "missing_branches": []}, "GraphPPO.update.value_loss_fn": {"executed_lines": [], "summary": {"covered_lines": 0, "num_statements": 3, "percent_covered": 0.0, "percent_covered_display": "0", "missing_lines": 3, "excluded_lines": 0, "num_branches": 0, "num_partial_branches": 0, "covered_branches": 0, "missing_branches": 0}, "missing_lines": [411, 412, 416], "excluded_lines": [], "executed_branches": [], "missing_branches": []}, "GraphPPO.collect_trajectories": {"executed_lines": [], "summary": {"covered_lines": 0, "num_statements": 3, "percent_covered": 0.0, "percent_covered_display": "0", "missing_lines": 3, "excluded_lines": 0, "num_branches": 0, "num_partial_branches": 0, "covered_branches": 0, "missing_branches": 0}, "missing_lines": [450, 452, 461], "excluded_lines": [], "executed_branches": [], "missing_branches": []}, "GraphPPO.compute_gradients": {"executed_lines": [], "summary": {"covered_lines": 0, "num_statements": 12, "percent_covered": 0.0, "percent_covered_display": "0", "missing_lines": 12, "excluded_lines": 0, "num_branches": 0, "num_partial_branches": 0, "covered_branches": 0, "missing_branches": 0}, "missing_lines": [474, 475, 476, 477, 478, 479, 482, 483, 486, 492, 493, 495], "excluded_lines": [], "executed_branches": [], "missing_branches": []}, "GraphPPO.compute_gradients.loss_fn": {"executed_lines": [], "summary": {"covered_lines": 0, "num_statements": 2, "percent_covered": 0.0, "percent_covered_display": "0", "missing_lines": 2, "excluded_lines": 0, "num_branches": 0, "num_partial_branches": 0, "covered_branches": 0, "missing_branches": 0}, "missing_lines": [487, 490], "excluded_lines": [], "executed_branches": [], "missing_branches": []}, "GraphPPO.apply_gradients": {"executed_lines": [], "summary": {"covered_lines": 0, "num_statements": 4, "percent_covered": 0.0, "percent_covered_display": "0", "missing_lines": 4, "excluded_lines": 0, "num_branches": 0, "num_partial_branches": 0, "covered_branches": 0, "missing_branches": 0}, "missing_lines": [505, 508, 511, 514], "excluded_lines": [], "executed_branches": [], "missing_branches": []}, "": {"executed_lines": [1, 4, 5, 7, 8, 9, 10, 12, 13, 16, 17, 18, 19, 20, 21, 22, 23, 24, 25, 28, 29, 33, 34, 35, 37, 48, 81, 82, 86, 87, 89, 100, 133, 134, 140, 171, 192, 242, 278, 364, 434, 463, 497], "summary": {"covered_lines": 38, "num_statements": 38, "percent_covered": 100.0, "percent_covered_display": "100", "missing_lines": 0, "excluded_lines": 0, "num_branches": 0, "num_partial_branches": 0, "covered_branches": 0, "missing_branches": 0}, "missing_lines": [], "excluded_lines": [], "executed_branches": [], "missing_branches": []}}, "classes": {"PPOConfig": {"executed_lines": [], "summary": {"covered_lines": 0, "num_statements": 0, "percent_covered": 100.0, "percent_covered_display": "100", "missing_lines": 0, "excluded_lines": 0, "num_branches": 0, "num_partial_branches": 0, "covered_branches": 0, "missing_branches": 0}, "missing_lines": [], "excluded_lines": [], "executed_branches": [], "missing_branches": []}, "GraphPolicyNetwork": {"executed_lines": [], "summary": {"covered_lines": 0, "num_statements": 12, "percent_covered": 0.0, "percent_covered_display": "0", "missing_lines": 12, "excluded_lines": 0, "num_branches": 4, "num_partial_branches": 0, "covered_branches": 0, "missing_branches": 4}, "missing_lines": [39, 44, 45, 46, 66, 69, 70, 71, 72, 73, 76, 78], "excluded_lines": [], "executed_branches": [], "missing_branches": [[69, 70], [69, 76], [72, 69], [72, 73]]}, "GraphValueNetwork": {"executed_lines": [], "summary": {"covered_lines": 0, "num_statements": 12, "percent_covered": 0.0, "percent_covered_display": "0", "missing_lines": 12, "excluded_lines": 0, "num_branches": 4, "num_partial_branches": 0, "covered_branches": 0, "missing_branches": 4}, "missing_lines": [91, 96, 97, 98, 118, 121, 122, 123, 124, 125, 128, 130], "excluded_lines": [], "executed_branches": [], "missing_branches": [[121, 122], [121, 128], [124, 121], [124, 125]]}, "GraphPPO": {"executed_lines": [], "summary": {"covered_lines": 0, "num_statements": 108, "percent_covered": 0.0, "percent_covered_display": "0", "missing_lines": 108, "excluded_lines": 0, "num_branches": 6, "num_partial_branches": 0, "covered_branches": 0, "missing_branches": 6}, "missing_lines": [154, 155, 156, 157, 160, 161, 164, 165, 168, 169, 174, 175, 176, 179, 181, 184, 187, 190, 205, 206, 216, 217, 220, 221, 224, 225, 234, 240, 258, 259, 262, 263, 264, 265, 267, 269, 270, 271, 274, 276, 301, 302, 311, 312, 322, 325, 326, 327, 328, 329, 330, 331, 333, 336, 339, 340, 341, 344, 347, 348, 351, 355, 362, 375, 376, 377, 378, 379, 380, 383, 386, 389, 390, 394, 396, 401, 404, 407, 410, 411, 412, 416, 418, 420, 422, 425, 427, 450, 452, 461, 474, 475, 476, 477, 478, 479, 482, 483, 486, 487, 490, 492, 493, 495, 505, 508, 511, 514], "excluded_lines": [], "executed_branches": [], "missing_branches": [[263, 264], [263, 274], [264, 265], [264, 267], [325, 326], [325, 333]]}, "": {"executed_lines": [1, 4, 5, 7, 8, 9, 10, 12, 13, 16, 17, 18, 19, 20, 21, 22, 23, 24, 25, 28, 29, 33, 34, 35, 37, 48, 81, 82, 86, 87, 89, 100, 133, 134, 140, 171, 192, 242, 278, 364, 434, 463, 497], "summary": {"covered_lines": 38, "num_statements": 38, "percent_covered": 100.0, "percent_covered_display": "100", "missing_lines": 0, "excluded_lines": 0, "num_branches": 0, "num_partial_branches": 0, "covered_branches": 0, "missing_branches": 0}, "missing_lines": [], "excluded_lines": [], "executed_branches": [], "missing_branches": []}}}, "pg_neo_graph_rl/algorithms/graph_sac.py": {"executed_lines": [1, 4, 5, 7, 8, 9, 10, 12, 13, 16, 17, 18, 19, 20, 21, 22, 23, 26, 27, 28, 29, 31, 38, 54, 55, 56, 58, 64, 80, 81, 83, 101, 127, 142, 152], "summary": {"covered_lines": 30, "num_statements": 90, "percent_covered": 31.25, "percent_covered_display": "31", "missing_lines": 60, "excluded_lines": 0, "num_branches": 6, "num_partial_branches": 0, "covered_branches": 0, "missing_branches": 6}, "missing_lines": [33, 34, 35, 36, 40, 43, 44, 45, 47, 48, 49, 51, 60, 61, 62, 66, 69, 72, 73, 74, 76, 77, 84, 85, 86, 87, 90, 91, 92, 95, 96, 98, 99, 103, 104, 105, 106, 108, 111, 112, 115, 116, 119, 120, 122, 129, 131, 133, 134, 135, 138, 140, 145, 150, 155, 158, 161, 162, 166, 167], "excluded_lines": [], "executed_branches": [], "missing_branches": [[43, 44], [43, 47], [72, 73], [72, 76], [131, 133], [131, 138]], "functions": {"GraphActor.setup": {"executed_lines": [], "summary": {"covered_lines": 0, "num_statements": 4, "percent_covered": 0.0, "percent_covered_display": "0", "missing_lines": 4, "excluded_lines": 0, "num_branches": 0, "num_partial_branches": 0, "covered_branches": 0, "missing_branches": 0}, "missing_lines": [33, 34, 35, 36], "excluded_lines": [], "executed_branches": [], "missing_branches": []}, "GraphActor.__call__": {"executed_lines": [], "summary": {"covered_lines": 0, "num_statements": 8, "percent_covered": 0.0, "percent_covered_display": "0", "missing_lines": 8, "excluded_lines": 0, "num_branches": 2, "num_partial_branches": 0, "covered_branches": 0, "missing_branches": 2}, "missing_lines": [40, 43, 44, 45, 47, 48, 49, 51], "excluded_lines": [], "executed_branches": [], "missing_branches": [[43, 44], [43, 47]]}, "GraphCritic.setup": {"executed_lines": [], "summary": {"covered_lines": 0, "num_statements": 3, "percent_covered": 0.0, "percent_covered_display": "0", "missing_lines": 3, "excluded_lines": 0, "num_branches": 0, "num_partial_branches": 0, "covered_branches": 0, "missing_branches": 0}, "missing_lines": [60, 61, 62], "excluded_lines": [], "executed_branches": [], "missing_branches": []}, "GraphCritic.__call__": {"executed_lines": [], "summary": {"covered_lines": 0, "num_statements": 7, "percent_covered": 0.0, "percent_covered_display": "0", "missing_lines": 7, "excluded_lines": 0, "num_branches": 2, "num_partial_branches": 0, "covered_branches": 0, "missing_branches": 2}, "missing_lines": [66, 69, 72, 73, 74, 76, 77], "excluded_lines": [], "executed_branches": [], "missing_branches": [[72, 73], [72, 76]]}, "GraphSAC.__init__": {"executed_lines": [], "summary": {"covered_lines": 0, "num_statements": 11, "percent_covered": 0.0, "percent_covered_display": "0", "missing_lines": 11, "excluded_lines": 0, "num_branches": 0, "num_partial_branches": 0, "covered_branches": 0, "missing_branches": 0}, "missing_lines": [84, 85, 86, 87, 90, 91, 92, 95, 96, 98, 99], "excluded_lines": [], "executed_branches": [], "missing_branches": []}, "GraphSAC._init_networks": {"executed_lines": [], "summary": {"covered_lines": 0, "num_statements": 12, "percent_covered": 0.0, "percent_covered_display": "0", "missing_lines": 12, "excluded_lines": 0, "num_branches": 0, "num_partial_branches": 0, "covered_branches": 0, "missing_branches": 0}, "missing_lines": [103, 104, 105, 106, 108, 111, 112, 115, 116, 119, 120, 122], "excluded_lines": [], "executed_branches": [], "missing_branches": []}, "GraphSAC.act": {"executed_lines": [], "summary": {"covered_lines": 0, "num_statements": 7, "percent_covered": 0.0, "percent_covered_display": "0", "missing_lines": 7, "excluded_lines": 0, "num_branches": 2, "num_partial_branches": 0, "covered_branches": 0, "missing_branches": 2}, "missing_lines": [129, 131, 133, 134, 135, 138, 140], "excluded_lines": [], "executed_branches": [], "missing_branches": [[131, 133], [131, 138]]}, "GraphSAC.compute_gradients": {"executed_lines": [], "summary": {"covered_lines": 0, "num_statements": 2, "percent_covered": 0.0, "percent_covered_display": "0", "missing_lines": 2, "excluded_lines": 0, "num_branches": 0, "num_partial_branches": 0, "covered_branches": 0, "missing_branches": 0}, "missing_lines": [145, 150], "excluded_lines": [], "executed_branches": [], "missing_branches": []}, "GraphSAC.apply_gradients": {"executed_lines": [], "summary": {"covered_lines": 0, "num_statements": 6, "percent_covered": 0.0, "percent_covered_display": "0", "missing_lines": 6, "excluded_lines": 0, "num_branches": 0, "num_partial_branches": 0, "covered_branches": 0, "missing_branches": 0}, "missing_lines": [155, 158, 161, 162, 166, 167], "excluded_lines": [], "executed_branches": [], "missing_branches": []}, "": {"executed_lines": [1, 4, 5, 7, 8, 9, 10, 12, 13, 16, 17, 18, 19, 20, 21, 22, 23, 26, 27, 28, 29, 31, 38, 54, 55, 56, 58, 64, 80, 81, 83, 101, 127, 142, 152], "summary": {"covered_lines": 30, "num_statements": 30, "percent_covered": 100.0, "percent_covered_display": "100", "missing_lines": 0, "excluded_lines": 0, "num_branches": 0, "num_partial_branches": 0, "covered_branches": 0, "missing_branches": 0}, "missing_lines": [], "excluded_lines": [], "executed_branches": [], "missing_branches": []}}, "classes": {"SACConfig": {"executed_lines": [], "summary": {"covered_lines": 0, "num_statements": 0, "percent_covered": 100.0, "percent_covered_display": "100", "missing_lines": 0, "excluded_lines": 0, "num_branches": 0, "num_partial_branches": 0, "covered_branches": 0, "missing_branches": 0}, "missing_lines": [], "excluded_lines": [], "executed_branches": [], "missing_branches": []}, "GraphActor": {"executed_lines": [], "summary": {"covered_lines": 0, "num_statements": 12, "percent_covered": 0.0, "percent_covered_display": "0", "missing_lines": 12, "excluded_lines": 0, "num_branches": 2, "num_partial_branches": 0, "covered_branches": 0, "missing_branches": 2}, "missing_lines": [33, 34, 35, 36, 40, 43, 44, 45, 47, 48, 49, 51], "excluded_lines": [], "executed_branches": [], "missing_branches": [[43, 44], [43, 47]]}, "GraphCritic": {"executed_lines": [], "summary": {"covered_lines": 0, "num_statements": 10, "percent_covered": 0.0, "percent_covered_display": "0", "missing_lines": 10, "excluded_lines": 0, "num_branches": 2, "num_partial_branches": 0, "covered_branches": 0, "missing_branches": 2}, "missing_lines": [60, 61, 62, 66, 69, 72, 73, 74, 76, 77], "excluded_lines": [], "executed_branches": [], "missing_branches": [[72, 73], [72, 76]]}, "GraphSAC": {"executed_lines": [], "summary": {"covered_lines": 0, "num_statements": 38, "percent_covered": 0.0, "percent_covered_display": "0", "missing_lines": 38, "excluded_lines": 0, "num_branches": 2, "num_partial_branches": 0, "covered_branches": 0, "missing_branches": 2}, "missing_lines": [84, 85, 86, 87, 90, 91, 92, 95, 96, 98, 99, 103, 104, 105, 106, 108, 111, 112, 115, 116, 119, 120, 122, 129, 131, 133, 134, 135, 138, 140, 145, 150, 155, 158, 161, 162, 166, 167], "excluded_lines": [], "executed_branches": [], "missing_branches": [[131, 133], [131, 138]]}, "": {"executed_lines": [1, 4, 5, 7, 8, 9, 10, 12, 13, 16, 17, 18, 19, 20, 21, 22, 23, 26, 27, 28, 29, 31, 38, 54, 55, 56, 58, 64, 80, 81, 83, 101, 127, 142, 152], "summary": {"covered_lines": 30, "num_statements": 30, "percent_covered": 100.0, "percent_covered_display": "100", "missing_lines": 0, "excluded_lines": 0, "num_branches": 0, "num_partial_branches": 0, "covered_branches": 0, "missing_branches": 0}, "missing_lines": [], "excluded_lines": [], "executed_branches": [], "missing_branches": []}}}, "pg_neo_graph_rl/cli.py": {"executed_lines": [], "summary": {"covered_lines": 0, "num_statements": 210, "percent_covered": 0.0, "percent_covered_display": "0", "missing_lines": 210, "excluded_lines": 2, "num_branches": 26, "num_partial_branches": 0, "covered_branches": 0, "missing_branches": 26}, "missing_lines": [5, 6, 7, 8, 9, 11, 12, 13, 14, 16, 17, 18, 19, 20, 22, 25, 27, 41, 47, 53, 59, 65, 68, 69, 75, 83, 84, 85, 86, 89, 90, 91, 92, 95, 96, 97, 100, 103, 105, 108, 110, 112, 122, 124, 130, 132, 133, 134, 135, 136, 137, 138, 140, 141, 144, 145, 152, 153, 154, 155, 157, 162, 165, 167, 174, 175, 176, 177, 178, 179, 180, 181, 184, 185, 186, 187, 190, 191, 192, 195, 196, 197, 199, 200, 201, 202, 203, 204, 206, 207, 209, 210, 211, 212, 213, 214, 216, 218, 219, 220, 221, 222, 225, 227, 230, 231, 232, 233, 236, 237, 238, 239, 240, 241, 242, 244, 245, 246, 247, 248, 249, 250, 252, 253, 254, 255, 256, 257, 258, 260, 261, 262, 263, 265, 268, 269, 270, 271, 274, 275, 276, 277, 278, 280, 281, 282, 283, 284, 286, 287, 288, 289, 290, 292, 294, 297, 299, 302, 311, 312, 313, 314, 315, 316, 317, 318, 320, 321, 324, 325, 326, 327, 330, 331, 340, 341, 343, 346, 348, 349, 352, 354, 355, 356, 357, 358, 359, 360, 361, 362, 363, 364, 365, 366, 367, 368, 369, 371, 372, 374, 375, 376, 377, 378, 379, 380, 381, 382, 383, 384], "excluded_lines": [387, 388], "executed_branches": [], "missing_branches": [[133, 134], [133, 135], [135, 136], [135, 137], [137, 138], [137, 140], [220, 221], [220, 222], [320, 321], [320, 324], [340, 341], [340, 343], [355, 356], [355, 357], [357, 358], [357, 359], [359, 360], [359, 361], [361, 362], [361, 364], [364, 365], [364, 367], [367, 368], [367, 371], [382, 383], [382, 384]], "functions": {"create_parser": {"executed_lines": [], "summary": {"covered_lines": 0, "num_statements": 23, "percent_covered": 0.0, "percent_covered_display": "0", "missing_lines": 23, "excluded_lines": 0, "num_branches": 0, "num_partial_branches": 0, "covered_branches": 0, "missing_branches": 0}, "missing_lines": [27, 41, 47, 53, 59, 65, 68, 69, 75, 83, 84, 85, 86, 89, 90, 91, 92, 95, 96, 97, 100, 103, 105], "excluded_lines": [], "executed_branches": [], "missing_branches": []}, "setup_console_logging": {"executed_lines": [], "summary": {"covered_lines": 0, "num_statements": 2, "percent_covered": 0.0, "percent_covered_display": "0", "missing_lines": 2, "excluded_lines": 0, "num_branches": 0, "num_partial_branches": 0, "covered_branches": 0, "missing_branches": 0}, "missing_lines": [110, 112], "excluded_lines": [], "executed_branches": [], "missing_branches": []}, "run_demo": {"executed_lines": [], "summary": {"covered_lines": 0, "num_statements": 59, "percent_covered": 0.0, "percent_covered_display": "0", "missing_lines": 59, "excluded_lines": 0, "num_branches": 8, "num_partial_branches": 0, "covered_branches": 0, "missing_branches": 8}, "missing_lines": [124, 130, 132, 133, 134, 135, 136, 137, 138, 140, 141, 144, 145, 152, 153, 154, 155, 157, 162, 165, 167, 174, 175, 176, 177, 178, 179, 180, 181, 184, 185, 186, 187, 190, 191, 192, 195, 196, 197, 199, 200, 201, 202, 203, 204, 206, 207, 209, 210, 211, 212, 213, 214, 216, 218, 219, 220, 221, 222], "excluded_lines": [], "executed_branches": [], "missing_branches": [[133, 134], [133, 135], [135, 136], [135, 137], [137, 138], [137, 140], [220, 221], [220, 222]]}, "show_status": {"executed_lines": [], "summary": {"covered_lines": 0, "num_statements": 52, "percent_covered": 0.0, "percent_covered_display": "0", "missing_lines": 52, "excluded_lines": 0, "num_branches": 0, "num_partial_branches": 0, "covered_branches": 0, "missing_branches": 0}, "missing_lines": [227, 230, 231, 232, 233, 236, 237, 238, 239, 240, 241, 242, 244, 245, 246, 247, 248, 249, 250, 252, 253, 254, 255, 256, 257, 258, 260, 261, 262, 263, 265, 268, 269, 270, 271, 274, 275, 276, 277, 278, 280, 281, 282, 283, 284, 286, 287, 288, 289, 290, 292, 294], "excluded_lines": [], "executed_branches": [], "missing_branches": []}, "show_info": {"executed_lines": [], "summary": {"covered_lines": 0, "num_statements": 21, "percent_covered": 0.0, "percent_covered_display": "0", "missing_lines": 21, "excluded_lines": 0, "num_branches": 4, "num_partial_branches": 0, "covered_branches": 0, "missing_branches": 4}, "missing_lines": [299, 302, 311, 312, 313, 314, 315, 316, 317, 318, 320, 321, 324, 325, 326, 327, 330, 331, 340, 341, 343], "excluded_lines": [], "executed_branches": [], "missing_branches": [[320, 321], [320, 324], [340, 341], [340, 343]]}, "main": {"executed_lines": [], "summary": {"covered_lines": 0, "num_statements": 32, "percent_covered": 0.0, "percent_covered_display": "0", "missing_lines": 32, "excluded_lines": 0, "num_branches": 14, "num_partial_branches": 0, "covered_branches": 0, "missing_branches": 14}, "missing_lines": [348, 349, 352, 354, 355, 356, 357, 358, 359, 360, 361, 362, 363, 364, 365, 366, 367, 368, 369, 371, 372, 374, 375, 376, 377, 378, 379, 380, 381, 382, 383, 384], "excluded_lines": [], "executed_branches": [], "missing_branches": [[355, 356], [355, 357], [357, 358], [357, 359], [359, 360], [359, 361], [361, 362], [361, 364], [364, 365], [364, 367], [367, 368], [367, 371], [382, 383], [382, 384]]}, "": {"executed_lines": [], "summary": {"covered_lines": 0, "num_statements": 21, "percent_covered": 0.0, "percent_covered_display": "0", "missing_lines": 21, "excluded_lines": 2, "num_branches": 0, "num_partial_branches": 0, "covered_branches": 0, "missing_branches": 0}, "missing_lines": [5, 6, 7, 8, 9, 11, 12, 13, 14, 16, 17, 18, 19, 20, 22, 25, 108, 122, 225, 297, 346], "excluded_lines": [387, 388], "executed_branches": [], "missing_branches": []}}, "classes": {"": {"executed_lines": [], "summary": {"covered_lines": 0, "num_statements": 210, "percent_covered": 0.0, "percent_covered_display": "0", "missing_lines": 210, "excluded_lines": 2, "num_branches": 26, "num_partial_branches": 0, "covered_branches": 0, "missing_branches": 26}, "missing_lines": [5, 6, 7, 8, 9, 11, 12, 13, 14, 16, 17, 18, 19, 20, 22, 25, 27, 41, 47, 53, 59, 65, 68, 69, 75, 83, 84, 85, 86, 89, 90, 91, 92, 95, 96, 97, 100, 103, 105, 108, 110, 112, 122, 124, 130, 132, 133, 134, 135, 136, 137, 138, 140, 141, 144, 145, 152, 153, 154, 155, 157, 162, 165, 167, 174, 175, 176, 177, 178, 179, 180, 181, 184, 185, 186, 187, 190, 191, 192, 195, 196, 197, 199, 200, 201, 202, 203, 204, 206, 207, 209, 210, 211, 212, 213, 214, 216, 218, 219, 220, 221, 222, 225, 227, 230, 231, 232, 233, 236, 237, 238, 239, 240, 241, 242, 244, 245, 246, 247, 248, 249, 250, 252, 253, 254, 255, 256, 257, 258, 260, 261, 262, 263, 265, 268, 269, 270, 271, 274, 275, 276, 277, 278, 280, 281, 282, 283, 284, 286, 287, 288, 289, 290, 292, 294, 297, 299, 302, 311, 312, 313, 314, 315, 316, 317, 318, 320, 321, 324, 325, 326, 327, 330, 331, 340, 341, 343, 346, 348, 349, 352, 354, 355, 356, 357, 358, 359, 360, 361, 362, 363, 364, 365, 366, 367, 368, 369, 371, 372, 374, 375, 376, 377, 378, 379, 380, 381, 382, 383, 384], "excluded_lines": [387, 388], "executed_branches": [], "missing_branches": [[133, 134], [133, 135], [135, 136], [135, 137], [137, 138], [137, 140], [220, 221], [220, 222], [320, 321], [320, 324], [340, 341], [340, 343], [355, 356], [355, 357], [357, 358], [357, 359], [359, 360], [359, 361], [361, 362], [361, 364], [364, 365], [364, 367], [367, 368], [367, 371], [382, 383], [382, 384]]}}}, "pg_neo_graph_rl/communication/__init__.py": {"executed_lines": [], "summary": {"covered_lines": 0, "num_statements": 3, "percent_covered": 0.0, "percent_covered_display": "0", "missing_lines": 3, "excluded_lines": 0, "num_branches": 0, "num_partial_branches": 0, "covered_branches": 0, "missing_branches": 0}, "missing_lines": [1, 2, 4], "excluded_lines": [], "executed_branches": [], "missing_branches": [], "functions": {"": {"executed_lines": [], "summary": {"covered_lines": 0, "num_statements": 3, "percent_covered": 0.0, "percent_covered_display": "0", "missing_lines": 3, "excluded_lines": 0, "num_branches": 0, "num_partial_branches": 0, "covered_branches": 0, "missing_branches": 0}, "missing_lines": [1, 2, 4], "excluded_lines": [], "executed_branches": [], "missing_branches": []}}, "classes": {"": {"executed_lines": [], "summary": {"covered_lines": 0, "num_statements": 3, "percent_covered": 0.0, "percent_covered_display": "0", "missing_lines": 3, "excluded_lines": 0, "num_branches": 0, "num_partial_branches": 0, "covered_branches": 0, "missing_branches": 0}, "missing_lines": [1, 2, 4], "excluded_lines": [], "executed_branches": [], "missing_branches": []}}}, "pg_neo_graph_rl/communication/advanced_protocols.py": {"executed_lines": [], "summary": {"covered_lines": 0, "num_statements": 349, "percent_covered": 0.0, "percent_covered_display": "0", "missing_lines": 349, "excluded_lines": 0, "num_branches": 88, "num_partial_branches": 0, "covered_branches": 0, "missing_branches": 88}, "missing_lines": [6, 7, 8, 9, 10, 11, 12, 13, 15, 16, 18, 19, 20, 22, 25, 27, 28, 29, 30, 31, 32, 35, 37, 38, 39, 40, 41, 42, 43, 44, 47, 48, 50, 51, 52, 53, 54, 55, 58, 59, 61, 62, 63, 64, 65, 66, 67, 70, 75, 76, 77, 80, 81, 83, 93, 95, 96, 98, 99, 101, 102, 104, 105, 107, 108, 110, 111, 114, 116, 127, 129, 130, 132, 133, 135, 136, 138, 139, 141, 142, 144, 145, 148, 150, 152, 153, 157, 159, 161, 163, 165, 166, 168, 174, 176, 178, 179, 181, 183, 184, 185, 187, 189, 190, 192, 193, 196, 198, 199, 200, 203, 209, 210, 212, 219, 221, 223, 224, 226, 227, 228, 229, 232, 233, 235, 237, 239, 241, 243, 244, 245, 246, 249, 250, 251, 253, 260, 261, 263, 270, 272, 274, 275, 277, 278, 280, 281, 282, 284, 286, 288, 289, 291, 293, 299, 300, 301, 302, 304, 306, 307, 308, 309, 310, 311, 312, 313, 314, 315, 317, 318, 321, 326, 327, 329, 336, 338, 340, 341, 343, 347, 349, 357, 362, 363, 364, 367, 368, 369, 371, 386, 387, 389, 390, 392, 393, 395, 396, 398, 399, 401, 402, 404, 405, 407, 408, 412, 414, 418, 420, 421, 423, 424, 426, 428, 430, 433, 434, 436, 438, 441, 442, 445, 447, 449, 452, 454, 455, 456, 458, 460, 463, 465, 468, 469, 470, 471, 472, 473, 474, 475, 476, 477, 480, 481, 484, 489, 494, 495, 496, 497, 500, 501, 504, 505, 506, 509, 510, 512, 514, 515, 530, 532, 534, 537, 545, 548, 549, 550, 555, 556, 558, 561, 563, 564, 565, 566, 567, 569, 580, 581, 582, 583, 586, 589, 590, 592, 595, 597, 598, 599, 601, 614, 615, 617, 618, 620, 621, 623, 624, 627, 629, 630, 632, 645, 648, 651, 652, 658, 660, 661, 667, 669, 674, 676, 679, 681, 682, 685, 687, 689, 690, 692, 695, 696, 697, 698, 700, 702, 704, 707, 709, 712, 714, 717, 718, 719, 721, 722, 724, 726, 727, 729, 731, 744, 756, 763, 770, 771], "excluded_lines": [], "executed_branches": [], "missing_branches": [[95, 96], [95, 98], [98, 99], [98, 101], [101, 102], [101, 104], [104, 105], [104, 107], [107, 108], [107, 110], [110, 111], [110, 114], [129, 130], [129, 132], [132, 133], [132, 135], [135, 136], [135, 138], [138, 139], [138, 141], [141, 142], [141, 144], [144, 145], [144, 148], [187, 189], [187, 203], [227, 228], [227, 235], [241, 243], [241, 260], [278, 280], [278, 284], [291, 293], [291, 321], [306, 307], [306, 317], [309, 306], [309, 310], [340, 341], [340, 343], [386, 387], [386, 389], [389, 390], [389, 392], [392, 393], [392, 395], [395, 396], [395, 398], [398, 399], [398, 401], [401, 402], [401, 404], [404, 405], [404, 407], [407, 408], [407, 412], [420, 421], [420, 428], [423, 424], [423, 426], [436, 438], [436, 447], [454, 455], [454, 458], [463, 465], [463, 468], [469, 470], [469, 480], [471, 472], [471, 477], [472, 471], [472, 473], [474, 475], [474, 476], [614, 615], [614, 617], [620, 621], [620, 627], [660, 661], [660, 679], [667, 669], [667, 674], [689, 690], [689, 692], [695, 696], [695, 697], [697, 698], [697, 700]], "functions": {"ParameterCompressor.__init__": {"executed_lines": [], "summary": {"covered_lines": 0, "num_statements": 4, "percent_covered": 0.0, "percent_covered_display": "0", "missing_lines": 4, "excluded_lines": 0, "num_branches": 0, "num_partial_branches": 0, "covered_branches": 0, "missing_branches": 0}, "missing_lines": [76, 77, 80, 81], "excluded_lines": [], "executed_branches": [], "missing_branches": []}, "ParameterCompressor.compress": {"executed_lines": [], "summary": {"covered_lines": 0, "num_statements": 14, "percent_covered": 0.0, "percent_covered_display": "0", "missing_lines": 14, "excluded_lines": 0, "num_branches": 12, "num_partial_branches": 0, "covered_branches": 0, "missing_branches": 12}, "missing_lines": [93, 95, 96, 98, 99, 101, 102, 104, 105, 107, 108, 110, 111, 114], "excluded_lines": [], "executed_branches": [], "missing_branches": [[95, 96], [95, 98], [98, 99], [98, 101], [101, 102], [101, 104], [104, 105], [104, 107], [107, 108], [107, 110], [110, 111], [110, 114]]}, "ParameterCompressor.decompress": {"executed_lines": [], "summary": {"covered_lines": 0, "num_statements": 14, "percent_covered": 0.0, "percent_covered_display": "0", "missing_lines": 14, "excluded_lines": 0, "num_branches": 12, "num_partial_branches": 0, "covered_branches": 0, "missing_branches": 12}, "missing_lines": [127, 129, 130, 132, 133, 135, 136, 138, 139, 141, 142, 144, 145, 148], "excluded_lines": [], "executed_branches": [], "missing_branches": [[129, 130], [129, 132], [132, 133], [132, 135], [135, 136], [135, 138], [138, 139], [138, 141], [141, 142], [141, 144], [144, 145], [144, 148]]}, "ParameterCompressor._no_compression": {"executed_lines": [], "summary": {"covered_lines": 0, "num_statements": 3, "percent_covered": 0.0, "percent_covered_display": "0", "missing_lines": 3, "excluded_lines": 0, "num_branches": 0, "num_partial_branches": 0, "covered_branches": 0, "missing_branches": 0}, "missing_lines": [152, 153, 157], "excluded_lines": [], "executed_branches": [], "missing_branches": []}, "ParameterCompressor._no_decompression": {"executed_lines": [], "summary": {"covered_lines": 0, "num_statements": 1, "percent_covered": 0.0, "percent_covered_display": "0", "missing_lines": 1, "excluded_lines": 0, "num_branches": 0, "num_partial_branches": 0, "covered_branches": 0, "missing_branches": 0}, "missing_lines": [161], "excluded_lines": [], "executed_branches": [], "missing_branches": []}, "ParameterCompressor._gzip_compression": {"executed_lines": [], "summary": {"covered_lines": 0, "num_statements": 4, "percent_covered": 0.0, "percent_covered_display": "0", "missing_lines": 4, "excluded_lines": 0, "num_branches": 0, "num_partial_branches": 0, "covered_branches": 0, "missing_branches": 0}, "missing_lines": [165, 166, 168, 174], "excluded_lines": [], "executed_branches": [], "missing_branches": []}, "ParameterCompressor._gzip_decompression": {"executed_lines": [], "summary": {"covered_lines": 0, "num_statements": 2, "percent_covered": 0.0, "percent_covered_display": "0", "missing_lines": 2, "excluded_lines": 0, "num_branches": 0, "num_partial_branches": 0, "covered_branches": 0, "missing_branches": 0}, "missing_lines": [178, 179], "excluded_lines": [], "executed_branches": [], "missing_branches": []}, "ParameterCompressor._quantization_compression": {"executed_lines": [], "summary": {"covered_lines": 0, "num_statements": 17, "percent_covered": 0.0, "percent_covered_display": "0", "missing_lines": 17, "excluded_lines": 0, "num_branches": 2, "num_partial_branches": 0, "covered_branches": 0, "missing_branches": 2}, "missing_lines": [183, 184, 185, 187, 189, 190, 192, 193, 196, 198, 199, 200, 203, 209, 210, 212, 219], "excluded_lines": [], "executed_branches": [], "missing_branches": [[187, 189], [187, 203]]}, "ParameterCompressor._quantization_decompression": {"executed_lines": [], "summary": {"covered_lines": 0, "num_statements": 9, "percent_covered": 0.0, "percent_covered_display": "0", "missing_lines": 9, "excluded_lines": 0, "num_branches": 2, "num_partial_branches": 0, "covered_branches": 0, "missing_branches": 2}, "missing_lines": [223, 224, 226, 227, 228, 229, 232, 233, 235], "excluded_lines": [], "executed_branches": [], "missing_branches": [[227, 228], [227, 235]]}, "ParameterCompressor._sparsification_compression": {"executed_lines": [], "summary": {"covered_lines": 0, "num_statements": 14, "percent_covered": 0.0, "percent_covered_display": "0", "missing_lines": 14, "excluded_lines": 0, "num_branches": 2, "num_partial_branches": 0, "covered_branches": 0, "missing_branches": 2}, "missing_lines": [239, 241, 243, 244, 245, 246, 249, 250, 251, 253, 260, 261, 263, 270], "excluded_lines": [], "executed_branches": [], "missing_branches": [[241, 243], [241, 260]]}, "ParameterCompressor._sparsification_decompression": {"executed_lines": [], "summary": {"covered_lines": 0, "num_statements": 8, "percent_covered": 0.0, "percent_covered_display": "0", "missing_lines": 8, "excluded_lines": 0, "num_branches": 2, "num_partial_branches": 0, "covered_branches": 0, "missing_branches": 2}, "missing_lines": [274, 275, 277, 278, 280, 281, 282, 284], "excluded_lines": [], "executed_branches": [], "missing_branches": [[278, 280], [278, 284]]}, "ParameterCompressor._adaptive_compression": {"executed_lines": [], "summary": {"covered_lines": 0, "num_statements": 26, "percent_covered": 0.0, "percent_covered_display": "0", "missing_lines": 26, "excluded_lines": 0, "num_branches": 6, "num_partial_branches": 0, "covered_branches": 0, "missing_branches": 6}, "missing_lines": [288, 289, 291, 293, 299, 300, 301, 302, 304, 306, 307, 308, 309, 310, 311, 312, 313, 314, 315, 317, 318, 321, 326, 327, 329, 336], "excluded_lines": [], "executed_branches": [], "missing_branches": [[291, 293], [291, 321], [306, 307], [306, 317], [309, 306], [309, 310]]}, "ParameterCompressor.get_compression_stats": {"executed_lines": [], "summary": {"covered_lines": 0, "num_statements": 5, "percent_covered": 0.0, "percent_covered_display": "0", "missing_lines": 5, "excluded_lines": 0, "num_branches": 2, "num_partial_branches": 0, "covered_branches": 0, "missing_branches": 2}, "missing_lines": [340, 341, 343, 347, 349], "excluded_lines": [], "executed_branches": [], "missing_branches": [[340, 341], [340, 343]]}, "EfficientAggregator.__init__": {"executed_lines": [], "summary": {"covered_lines": 0, "num_statements": 5, "percent_covered": 0.0, "percent_covered_display": "0", "missing_lines": 5, "excluded_lines": 0, "num_branches": 0, "num_partial_branches": 0, "covered_branches": 0, "missing_branches": 0}, "missing_lines": [363, 364, 367, 368, 369], "excluded_lines": [], "executed_branches": [], "missing_branches": []}, "EfficientAggregator.aggregate": {"executed_lines": [], "summary": {"covered_lines": 0, "num_statements": 17, "percent_covered": 0.0, "percent_covered_display": "0", "missing_lines": 17, "excluded_lines": 0, "num_branches": 16, "num_partial_branches": 0, "covered_branches": 0, "missing_branches": 16}, "missing_lines": [386, 387, 389, 390, 392, 393, 395, 396, 398, 399, 401, 402, 404, 405, 407, 408, 412], "excluded_lines": [], "executed_branches": [], "missing_branches": [[386, 387], [386, 389], [389, 390], [389, 392], [392, 393], [392, 395], [395, 396], [395, 398], [398, 399], [398, 401], [401, 402], [401, 404], [404, 405], [404, 407], [407, 408], [407, 412]]}, "EfficientAggregator._fedavg_aggregation": {"executed_lines": [], "summary": {"covered_lines": 0, "num_statements": 7, "percent_covered": 0.0, "percent_covered_display": "0", "missing_lines": 7, "excluded_lines": 0, "num_branches": 4, "num_partial_branches": 0, "covered_branches": 0, "missing_branches": 4}, "missing_lines": [418, 420, 421, 423, 424, 426, 428], "excluded_lines": [], "executed_branches": [], "missing_branches": [[420, 421], [420, 428], [423, 424], [423, 426]]}, "EfficientAggregator._trimmed_mean_aggregation": {"executed_lines": [], "summary": {"covered_lines": 0, "num_statements": 8, "percent_covered": 0.0, "percent_covered_display": "0", "missing_lines": 8, "excluded_lines": 0, "num_branches": 2, "num_partial_branches": 0, "covered_branches": 0, "missing_branches": 2}, "missing_lines": [433, 434, 436, 438, 441, 442, 445, 447], "excluded_lines": [], "executed_branches": [], "missing_branches": [[436, 438], [436, 447]]}, "EfficientAggregator._median_aggregation": {"executed_lines": [], "summary": {"covered_lines": 0, "num_statements": 5, "percent_covered": 0.0, "percent_covered_display": "0", "missing_lines": 5, "excluded_lines": 0, "num_branches": 2, "num_partial_branches": 0, "covered_branches": 0, "missing_branches": 2}, "missing_lines": [452, 454, 455, 456, 458], "excluded_lines": [], "executed_branches": [], "missing_branches": [[454, 455], [454, 458]]}, "EfficientAggregator._krum_aggregation": {"executed_lines": [], "summary": {"covered_lines": 0, "num_statements": 14, "percent_covered": 0.0, "percent_covered_display": "0", "missing_lines": 14, "excluded_lines": 0, "num_branches": 10, "num_partial_branches": 0, "covered_branches": 0, "missing_branches": 10}, "missing_lines": [463, 465, 468, 469, 470, 471, 472, 473, 474, 475, 476, 477, 480, 481], "excluded_lines": [], "executed_branches": [], "missing_branches": [[463, 465], [463, 468], [469, 470], [469, 480], [471, 472], [471, 477], [472, 471], [472, 473], [474, 475], [474, 476]]}, "OptimizedCommunicationProtocol.__init__": {"executed_lines": [], "summary": {"covered_lines": 0, "num_statements": 12, "percent_covered": 0.0, "percent_covered_display": "0", "missing_lines": 12, "excluded_lines": 0, "num_branches": 0, "num_partial_branches": 0, "covered_branches": 0, "missing_branches": 0}, "missing_lines": [494, 495, 496, 497, 500, 501, 504, 505, 506, 509, 510, 512], "excluded_lines": [], "executed_branches": [], "missing_branches": []}, "OptimizedCommunicationProtocol.send_parameters": {"executed_lines": [], "summary": {"covered_lines": 0, "num_statements": 17, "percent_covered": 0.0, "percent_covered_display": "0", "missing_lines": 17, "excluded_lines": 0, "num_branches": 0, "num_partial_branches": 0, "covered_branches": 0, "missing_branches": 0}, "missing_lines": [530, 532, 534, 537, 545, 548, 549, 550, 555, 556, 558, 561, 563, 564, 565, 566, 567], "excluded_lines": [], "executed_branches": [], "missing_branches": []}, "OptimizedCommunicationProtocol.receive_parameters": {"executed_lines": [], "summary": {"covered_lines": 0, "num_statements": 12, "percent_covered": 0.0, "percent_covered_display": "0", "missing_lines": 12, "excluded_lines": 0, "num_branches": 0, "num_partial_branches": 0, "covered_branches": 0, "missing_branches": 0}, "missing_lines": [580, 581, 582, 583, 586, 589, 590, 592, 595, 597, 598, 599], "excluded_lines": [], "executed_branches": [], "missing_branches": []}, "OptimizedCommunicationProtocol.aggregate_round": {"executed_lines": [], "summary": {"covered_lines": 0, "num_statements": 11, "percent_covered": 0.0, "percent_covered_display": "0", "missing_lines": 11, "excluded_lines": 0, "num_branches": 4, "num_partial_branches": 0, "covered_branches": 0, "missing_branches": 4}, "missing_lines": [614, 615, 617, 618, 620, 621, 623, 624, 627, 629, 630], "excluded_lines": [], "executed_branches": [], "missing_branches": [[614, 615], [614, 617], [620, 621], [620, 627]]}, "OptimizedCommunicationProtocol.batched_communication_round": {"executed_lines": [], "summary": {"covered_lines": 0, "num_statements": 15, "percent_covered": 0.0, "percent_covered_display": "0", "missing_lines": 15, "excluded_lines": 0, "num_branches": 4, "num_partial_branches": 0, "covered_branches": 0, "missing_branches": 4}, "missing_lines": [645, 648, 651, 652, 658, 660, 661, 667, 669, 674, 676, 679, 681, 682, 685], "excluded_lines": [], "executed_branches": [], "missing_branches": [[660, 661], [660, 679], [667, 669], [667, 674]]}, "OptimizedCommunicationProtocol._calculate_adaptive_batch_size": {"executed_lines": [], "summary": {"covered_lines": 0, "num_statements": 9, "percent_covered": 0.0, "percent_covered_display": "0", "missing_lines": 9, "excluded_lines": 0, "num_branches": 6, "num_partial_branches": 0, "covered_branches": 0, "missing_branches": 6}, "missing_lines": [689, 690, 692, 695, 696, 697, 698, 700, 702], "excluded_lines": [], "executed_branches": [], "missing_branches": [[689, 690], [689, 692], [695, 696], [695, 697], [697, 698], [697, 700]]}, "OptimizedCommunicationProtocol._process_batch": {"executed_lines": [], "summary": {"covered_lines": 0, "num_statements": 1, "percent_covered": 0.0, "percent_covered_display": "0", "missing_lines": 1, "excluded_lines": 0, "num_branches": 0, "num_partial_branches": 0, "covered_branches": 0, "missing_branches": 0}, "missing_lines": [707], "excluded_lines": [], "executed_branches": [], "missing_branches": []}, "OptimizedCommunicationProtocol._prepare_next_batch": {"executed_lines": [], "summary": {"covered_lines": 0, "num_statements": 1, "percent_covered": 0.0, "percent_covered_display": "0", "missing_lines": 1, "excluded_lines": 0, "num_branches": 0, "num_partial_branches": 0, "covered_branches": 0, "missing_branches": 0}, "missing_lines": [712], "excluded_lines": [], "executed_branches": [], "missing_branches": []}, "OptimizedCommunicationProtocol._simulate_network_send": {"executed_lines": [], "summary": {"covered_lines": 0, "num_statements": 5, "percent_covered": 0.0, "percent_covered_display": "0", "missing_lines": 5, "excluded_lines": 0, "num_branches": 0, "num_partial_branches": 0, "covered_branches": 0, "missing_branches": 0}, "missing_lines": [717, 718, 719, 721, 722], "excluded_lines": [], "executed_branches": [], "missing_branches": []}, "OptimizedCommunicationProtocol.get_communication_stats": {"executed_lines": [], "summary": {"covered_lines": 0, "num_statements": 4, "percent_covered": 0.0, "percent_covered_display": "0", "missing_lines": 4, "excluded_lines": 0, "num_branches": 0, "num_partial_branches": 0, "covered_branches": 0, "missing_branches": 0}, "missing_lines": [726, 727, 729, 731], "excluded_lines": [], "executed_branches": [], "missing_branches": []}, "create_optimized_protocol": {"executed_lines": [], "summary": {"covered_lines": 0, "num_statements": 4, "percent_covered": 0.0, "percent_covered_display": "0", "missing_lines": 4, "excluded_lines": 0, "num_branches": 0, "num_partial_branches": 0, "covered_branches": 0, "missing_branches": 0}, "missing_lines": [756, 763, 770, 771], "excluded_lines": [], "executed_branches": [], "missing_branches": []}, "": {"executed_lines": [], "summary": {"covered_lines": 0, "num_statements": 81, "percent_covered": 0.0, "percent_covered_display": "0", "missing_lines": 81, "excluded_lines": 0, "num_branches": 0, "num_partial_branches": 0, "covered_branches": 0, "missing_branches": 0}, "missing_lines": [6, 7, 8, 9, 10, 11, 12, 13, 15, 16, 18, 19, 20, 22, 25, 27, 28, 29, 30, 31, 32, 35, 37, 38, 39, 40, 41, 42, 43, 44, 47, 48, 50, 51, 52, 53, 54, 55, 58, 59, 61, 62, 63, 64, 65, 66, 67, 70, 75, 83, 116, 150, 159, 163, 176, 181, 221, 237, 272, 286, 338, 357, 362, 371, 414, 430, 449, 460, 484, 489, 514, 515, 569, 601, 632, 687, 704, 709, 714, 724, 744], "excluded_lines": [], "executed_branches": [], "missing_branches": []}}, "classes": {"CompressionType": {"executed_lines": [], "summary": {"covered_lines": 0, "num_statements": 0, "percent_covered": 100.0, "percent_covered_display": "100", "missing_lines": 0, "excluded_lines": 0, "num_branches": 0, "num_partial_branches": 0, "covered_branches": 0, "missing_branches": 0}, "missing_lines": [], "excluded_lines": [], "executed_branches": [], "missing_branches": []}, "AggregationStrategy": {"executed_lines": [], "summary": {"covered_lines": 0, "num_statements": 0, "percent_covered": 100.0, "percent_covered_display": "100", "missing_lines": 0, "excluded_lines": 0, "num_branches": 0, "num_partial_branches": 0, "covered_branches": 0, "missing_branches": 0}, "missing_lines": [], "excluded_lines": [], "executed_branches": [], "missing_branches": []}, "CompressionConfig": {"executed_lines": [], "summary": {"covered_lines": 0, "num_statements": 0, "percent_covered": 100.0, "percent_covered_display": "100", "missing_lines": 0, "excluded_lines": 0, "num_branches": 0, "num_partial_branches": 0, "covered_branches": 0, "missing_branches": 0}, "missing_lines": [], "excluded_lines": [], "executed_branches": [], "missing_branches": []}, "CommunicationMetrics": {"executed_lines": [], "summary": {"covered_lines": 0, "num_statements": 0, "percent_covered": 100.0, "percent_covered_display": "100", "missing_lines": 0, "excluded_lines": 0, "num_branches": 0, "num_partial_branches": 0, "covered_branches": 0, "missing_branches": 0}, "missing_lines": [], "excluded_lines": [], "executed_branches": [], "missing_branches": []}, "ParameterCompressor": {"executed_lines": [], "summary": {"covered_lines": 0, "num_statements": 121, "percent_covered": 0.0, "percent_covered_display": "0", "missing_lines": 121, "excluded_lines": 0, "num_branches": 40, "num_partial_branches": 0, "covered_branches": 0, "missing_branches": 40}, "missing_lines": [76, 77, 80, 81, 93, 95, 96, 98, 99, 101, 102, 104, 105, 107, 108, 110, 111, 114, 127, 129, 130, 132, 133, 135, 136, 138, 139, 141, 142, 144, 145, 148, 152, 153, 157, 161, 165, 166, 168, 174, 178, 179, 183, 184, 185, 187, 189, 190, 192, 193, 196, 198, 199, 200, 203, 209, 210, 212, 219, 223, 224, 226, 227, 228, 229, 232, 233, 235, 239, 241, 243, 244, 245, 246, 249, 250, 251, 253, 260, 261, 263, 270, 274, 275, 277, 278, 280, 281, 282, 284, 288, 289, 291, 293, 299, 300, 301, 302, 304, 306, 307, 308, 309, 310, 311, 312, 313, 314, 315, 317, 318, 321, 326, 327, 329, 336, 340, 341, 343, 347, 349], "excluded_lines": [], "executed_branches": [], "missing_branches": [[95, 96], [95, 98], [98, 99], [98, 101], [101, 102], [101, 104], [104, 105], [104, 107], [107, 108], [107, 110], [110, 111], [110, 114], [129, 130], [129, 132], [132, 133], [132, 135], [135, 136], [135, 138], [138, 139], [138, 141], [141, 142], [141, 144], [144, 145], [144, 148], [187, 189], [187, 203], [227, 228], [227, 235], [241, 243], [241, 260], [278, 280], [278, 284], [291, 293], [291, 321], [306, 307], [306, 317], [309, 306], [309, 310], [340, 341], [340, 343]]}, "EfficientAggregator": {"executed_lines": [], "summary": {"covered_lines": 0, "num_statements": 56, "percent_covered": 0.0, "percent_covered_display": "0", "missing_lines": 56, "excluded_lines": 0, "num_branches": 34, "num_partial_branches": 0, "covered_branches": 0, "missing_branches": 34}, "missing_lines": [363, 364, 367, 368, 369, 386, 387, 389, 390, 392, 393, 395, 396, 398, 399, 401, 402, 404, 405, 407, 408, 412, 418, 420, 421, 423, 424, 426, 428, 433, 434, 436, 438, 441, 442, 445, 447, 452, 454, 455, 456, 458, 463, 465, 468, 469, 470, 471, 472, 473, 474, 475, 476, 477, 480, 481], "excluded_lines": [], "executed_branches": [], "missing_branches": [[386, 387], [386, 389], [389, 390], [389, 392], [392, 393], [392, 395], [395, 396], [395, 398], [398, 399], [398, 401], [401, 402], [401, 404], [404, 405], [404, 407], [407, 408], [407, 412], [420, 421], [420, 428], [423, 424], [423, 426], [436, 438], [436, 447], [454, 455], [454, 458], [463, 465], [463, 468], [469, 470], [469, 480], [471, 472], [471, 477], [472, 471], [472, 473], [474, 475], [474, 476]]}, "OptimizedCommunicationProtocol": {"executed_lines": [], "summary": {"covered_lines": 0, "num_statements": 87, "percent_covered": 0.0, "percent_covered_display": "0", "missing_lines": 87, "excluded_lines": 0, "num_branches": 14, "num_partial_branches": 0, "covered_branches": 0, "missing_branches": 14}, "missing_lines": [494, 495, 496, 497, 500, 501, 504, 505, 506, 509, 510, 512, 530, 532, 534, 537, 545, 548, 549, 550, 555, 556, 558, 561, 563, 564, 565, 566, 567, 580, 581, 582, 583, 586, 589, 590, 592, 595, 597, 598, 599, 614, 615, 617, 618, 620, 621, 623, 624, 627, 629, 630, 645, 648, 651, 652, 658, 660, 661, 667, 669, 674, 676, 679, 681, 682, 685, 689, 690, 692, 695, 696, 697, 698, 700, 702, 707, 712, 717, 718, 719, 721, 722, 726, 727, 729, 731], "excluded_lines": [], "executed_branches": [], "missing_branches": [[614, 615], [614, 617], [620, 621], [620, 627], [660, 661], [660, 679], [667, 669], [667, 674], [689, 690], [689, 692], [695, 696], [695, 697], [697, 698], [697, 700]]}, "": {"executed_lines": [], "summary": {"covered_lines": 0, "num_statements": 85, "percent_covered": 0.0, "percent_covered_display": "0", "missing_lines": 85, "excluded_lines": 0, "num_branches": 0, "num_partial_branches": 0, "covered_branches": 0, "missing_branches": 0}, "missing_lines": [6, 7, 8, 9, 10, 11, 12, 13, 15, 16, 18, 19, 20, 22, 25, 27, 28, 29, 30, 31, 32, 35, 37, 38, 39, 40, 41, 42, 43, 44, 47, 48, 50, 51, 52, 53, 54, 55, 58, 59, 61, 62, 63, 64, 65, 66, 67, 70, 75, 83, 116, 150, 159, 163, 176, 181, 221, 237, 272, 286, 338, 357, 362, 371, 414, 430, 449, 460, 484, 489, 514, 515, 569, 601, 632, 687, 704, 709, 714, 724, 744, 756, 763, 770, 771], "excluded_lines": [], "executed_branches": [], "missing_branches": []}}}, "pg_neo_graph_rl/communication/aggregation.py": {"executed_lines": [], "summary": {"covered_lines": 0, "num_statements": 55, "percent_covered": 0.0, "percent_covered_display": "0", "missing_lines": 55, "excluded_lines": 0, "num_branches": 20, "num_partial_branches": 0, "covered_branches": 0, "missing_branches": 20}, "missing_lines": [4, 6, 7, 10, 13, 14, 16, 21, 22, 24, 25, 27, 28, 29, 30, 31, 32, 34, 36, 40, 42, 44, 45, 47, 49, 51, 53, 54, 55, 57, 59, 63, 64, 65, 67, 68, 71, 72, 74, 76, 78, 83, 84, 85, 86, 87, 88, 89, 92, 94, 99, 100, 103, 104, 106], "excluded_lines": [], "executed_branches": [], "missing_branches": [[21, 22], [21, 24], [24, 25], [24, 27], [27, 28], [27, 29], [29, 30], [29, 31], [31, 32], [31, 34], [42, 44], [42, 47], [53, 54], [53, 57], [67, 68], [67, 76], [84, 85], [84, 92], [86, 87], [86, 89]], "functions": {"FederatedAggregator.__init__": {"executed_lines": [], "summary": {"covered_lines": 0, "num_statements": 1, "percent_covered": 0.0, "percent_covered_display": "0", "missing_lines": 1, "excluded_lines": 0, "num_branches": 0, "num_partial_branches": 0, "covered_branches": 0, "missing_branches": 0}, "missing_lines": [14], "excluded_lines": [], "executed_branches": [], "missing_branches": []}, "FederatedAggregator.aggregate": {"executed_lines": [], "summary": {"covered_lines": 0, "num_statements": 11, "percent_covered": 0.0, "percent_covered_display": "0", "missing_lines": 11, "excluded_lines": 0, "num_branches": 10, "num_partial_branches": 0, "covered_branches": 0, "missing_branches": 10}, "missing_lines": [21, 22, 24, 25, 27, 28, 29, 30, 31, 32, 34], "excluded_lines": [], "executed_branches": [], "missing_branches": [[21, 22], [21, 24], [24, 25], [24, 27], [27, 28], [27, 29], [29, 30], [29, 31], [31, 32], [31, 34]]}, "FederatedAggregator._federated_averaging": {"executed_lines": [], "summary": {"covered_lines": 0, "num_statements": 5, "percent_covered": 0.0, "percent_covered_display": "0", "missing_lines": 5, "excluded_lines": 0, "num_branches": 2, "num_partial_branches": 0, "covered_branches": 0, "missing_branches": 2}, "missing_lines": [40, 42, 44, 45, 47], "excluded_lines": [], "executed_branches": [], "missing_branches": [[42, 44], [42, 47]]}, "FederatedAggregator._federated_median": {"executed_lines": [], "summary": {"covered_lines": 0, "num_statements": 5, "percent_covered": 0.0, "percent_covered_display": "0", "missing_lines": 5, "excluded_lines": 0, "num_branches": 2, "num_partial_branches": 0, "covered_branches": 0, "missing_branches": 2}, "missing_lines": [51, 53, 54, 55, 57], "excluded_lines": [], "executed_branches": [], "missing_branches": [[53, 54], [53, 57]]}, "FederatedAggregator._trimmed_mean": {"executed_lines": [], "summary": {"covered_lines": 0, "num_statements": 9, "percent_covered": 0.0, "percent_covered_display": "0", "missing_lines": 9, "excluded_lines": 0, "num_branches": 2, "num_partial_branches": 0, "covered_branches": 0, "missing_branches": 2}, "missing_lines": [63, 64, 65, 67, 68, 71, 72, 74, 76], "excluded_lines": [], "executed_branches": [], "missing_branches": [[67, 68], [67, 76]]}, "FederatedAggregator.secure_aggregation": {"executed_lines": [], "summary": {"covered_lines": 0, "num_statements": 8, "percent_covered": 0.0, "percent_covered_display": "0", "missing_lines": 8, "excluded_lines": 0, "num_branches": 4, "num_partial_branches": 0, "covered_branches": 0, "missing_branches": 4}, "missing_lines": [83, 84, 85, 86, 87, 88, 89, 92], "excluded_lines": [], "executed_branches": [], "missing_branches": [[84, 85], [84, 92], [86, 87], [86, 89]]}, "FederatedAggregator.adaptive_aggregation": {"executed_lines": [], "summary": {"covered_lines": 0, "num_statements": 5, "percent_covered": 0.0, "percent_covered_display": "0", "missing_lines": 5, "excluded_lines": 0, "num_branches": 0, "num_partial_branches": 0, "covered_branches": 0, "missing_branches": 0}, "missing_lines": [99, 100, 103, 104, 106], "excluded_lines": [], "executed_branches": [], "missing_branches": []}, "": {"executed_lines": [], "summary": {"covered_lines": 0, "num_statements": 11, "percent_covered": 0.0, "percent_covered_display": "0", "missing_lines": 11, "excluded_lines": 0, "num_branches": 0, "num_partial_branches": 0, "covered_branches": 0, "missing_branches": 0}, "missing_lines": [4, 6, 7, 10, 13, 16, 36, 49, 59, 78, 94], "excluded_lines": [], "executed_branches": [], "missing_branches": []}}, "classes": {"FederatedAggregator": {"executed_lines": [], "summary": {"covered_lines": 0, "num_statements": 44, "percent_covered": 0.0, "percent_covered_display": "0", "missing_lines": 44, "excluded_lines": 0, "num_branches": 20, "num_partial_branches": 0, "covered_branches": 0, "missing_branches": 20}, "missing_lines": [14, 21, 22, 24, 25, 27, 28, 29, 30, 31, 32, 34, 40, 42, 44, 45, 47, 51, 53, 54, 55, 57, 63, 64, 65, 67, 68, 71, 72, 74, 76, 83, 84, 85, 86, 87, 88, 89, 92, 99, 100, 103, 104, 106], "excluded_lines": [], "executed_branches": [], "missing_branches": [[21, 22], [21, 24], [24, 25], [24, 27], [27, 28], [27, 29], [29, 30], [29, 31], [31, 32], [31, 34], [42, 44], [42, 47], [53, 54], [53, 57], [67, 68], [67, 76], [84, 85], [84, 92], [86, 87], [86, 89]]}, "": {"executed_lines": [], "summary": {"covered_lines": 0, "num_statements": 11, "percent_covered": 0.0, "percent_covered_display": "0", "missing_lines": 11, "excluded_lines": 0, "num_branches": 0, "num_partial_branches": 0, "covered_branches": 0, "missing_branches": 0}, "missing_lines": [4, 6, 7, 10, 13, 16, 36, 49, 59, 78, 94], "excluded_lines": [], "executed_branches": [], "missing_branches": []}}}, "pg_neo_graph_rl/communication/gossip.py": {"executed_lines": [], "summary": {"covered_lines": 0, "num_statements": 48, "percent_covered": 0.0, "percent_covered_display": "0", "missing_lines": 48, "excluded_lines": 0, "num_branches": 26, "num_partial_branches": 0, "covered_branches": 0, "missing_branches": 26}, "missing_lines": [4, 6, 7, 8, 11, 14, 15, 16, 17, 18, 20, 22, 23, 25, 26, 27, 28, 29, 30, 31, 32, 33, 34, 35, 36, 38, 40, 42, 44, 46, 48, 49, 50, 51, 54, 55, 58, 59, 60, 61, 63, 65, 67, 69, 70, 71, 72, 73], "excluded_lines": [], "executed_branches": [], "missing_branches": [[25, 26], [25, 30], [26, 27], [26, 38], [27, 26], [27, 28], [28, 27], [28, 29], [30, 31], [30, 33], [31, 32], [31, 38], [33, 34], [33, 38], [34, 35], [34, 38], [35, 34], [35, 36], [48, 49], [48, 65], [50, 51], [50, 54], [59, 60], [59, 63], [70, 71], [70, 73]], "functions": {"GossipProtocol.__init__": {"executed_lines": [], "summary": {"covered_lines": 0, "num_statements": 4, "percent_covered": 0.0, "percent_covered_display": "0", "missing_lines": 4, "excluded_lines": 0, "num_branches": 0, "num_partial_branches": 0, "covered_branches": 0, "missing_branches": 0}, "missing_lines": [15, 16, 17, 18], "excluded_lines": [], "executed_branches": [], "missing_branches": []}, "GossipProtocol._build_topology": {"executed_lines": [], "summary": {"covered_lines": 0, "num_statements": 15, "percent_covered": 0.0, "percent_covered_display": "0", "missing_lines": 15, "excluded_lines": 0, "num_branches": 18, "num_partial_branches": 0, "covered_branches": 0, "missing_branches": 18}, "missing_lines": [22, 23, 25, 26, 27, 28, 29, 30, 31, 32, 33, 34, 35, 36, 38], "excluded_lines": [], "executed_branches": [], "missing_branches": [[25, 26], [25, 30], [26, 27], [26, 38], [27, 26], [27, 28], [28, 27], [28, 29], [30, 31], [30, 33], [31, 32], [31, 38], [33, 34], [33, 38], [34, 35], [34, 38], [35, 34], [35, 36]]}, "GossipProtocol.get_neighbors": {"executed_lines": [], "summary": {"covered_lines": 0, "num_statements": 1, "percent_covered": 0.0, "percent_covered_display": "0", "missing_lines": 1, "excluded_lines": 0, "num_branches": 0, "num_partial_branches": 0, "covered_branches": 0, "missing_branches": 0}, "missing_lines": [42], "excluded_lines": [], "executed_branches": [], "missing_branches": []}, "GossipProtocol.gossip_round": {"executed_lines": [], "summary": {"covered_lines": 0, "num_statements": 13, "percent_covered": 0.0, "percent_covered_display": "0", "missing_lines": 13, "excluded_lines": 0, "num_branches": 6, "num_partial_branches": 0, "covered_branches": 0, "missing_branches": 6}, "missing_lines": [46, 48, 49, 50, 51, 54, 55, 58, 59, 60, 61, 63, 65], "excluded_lines": [], "executed_branches": [], "missing_branches": [[48, 49], [48, 65], [50, 51], [50, 54], [59, 60], [59, 63]]}, "GossipProtocol.add_privacy_noise": {"executed_lines": [], "summary": {"covered_lines": 0, "num_statements": 5, "percent_covered": 0.0, "percent_covered_display": "0", "missing_lines": 5, "excluded_lines": 0, "num_branches": 2, "num_partial_branches": 0, "covered_branches": 0, "missing_branches": 2}, "missing_lines": [69, 70, 71, 72, 73], "excluded_lines": [], "executed_branches": [], "missing_branches": [[70, 71], [70, 73]]}, "": {"executed_lines": [], "summary": {"covered_lines": 0, "num_statements": 10, "percent_covered": 0.0, "percent_covered_display": "0", "missing_lines": 10, "excluded_lines": 0, "num_branches": 0, "num_partial_branches": 0, "covered_branches": 0, "missing_branches": 0}, "missing_lines": [4, 6, 7, 8, 11, 14, 20, 40, 44, 67], "excluded_lines": [], "executed_branches": [], "missing_branches": []}}, "classes": {"GossipProtocol": {"executed_lines": [], "summary": {"covered_lines": 0, "num_statements": 38, "percent_covered": 0.0, "percent_covered_display": "0", "missing_lines": 38, "excluded_lines": 0, "num_branches": 26, "num_partial_branches": 0, "covered_branches": 0, "missing_branches": 26}, "missing_lines": [15, 16, 17, 18, 22, 23, 25, 26, 27, 28, 29, 30, 31, 32, 33, 34, 35, 36, 38, 42, 46, 48, 49, 50, 51, 54, 55, 58, 59, 60, 61, 63, 65, 69, 70, 71, 72, 73], "excluded_lines": [], "executed_branches": [], "missing_branches": [[25, 26], [25, 30], [26, 27], [26, 38], [27, 26], [27, 28], [28, 27], [28, 29], [30, 31], [30, 33], [31, 32], [31, 38], [33, 34], [33, 38], [34, 35], [34, 38], [35, 34], [35, 36], [48, 49], [48, 65], [50, 51], [50, 54], [59, 60], [59, 63], [70, 71], [70, 73]]}, "": {"executed_lines": [], "summary": {"covered_lines": 0, "num_statements": 10, "percent_covered": 0.0, "percent_covered_display": "0", "missing_lines": 10, "excluded_lines": 0, "num_branches": 0, "num_partial_branches": 0, "covered_branches": 0, "missing_branches": 0}, "missing_lines": [4, 6, 7, 8, 11, 14, 20, 40, 44, 67], "excluded_lines": [], "executed_branches": [], "missing_branches": []}}}, "pg_neo_graph_rl/core/__init__.py": {"executed_lines": [1, 3], "summary": {"covered_lines": 2, "num_statements": 2, "percent_covered": 100.0, "percent_covered_display": "100", "missing_lines": 0, "excluded_lines": 0, "num_branches": 0, "num_partial_branches": 0, "covered_branches": 0, "missing_branches": 0}, "missing_lines": [], "excluded_lines": [], "executed_branches": [], "missing_branches": [], "functions": {"": {"executed_lines": [1, 3], "summary": {"covered_lines": 2, "num_statements": 2, "percent_covered": 100.0, "percent_covered_display": "100", "missing_lines": 0, "excluded_lines": 0, "num_branches": 0, "num_partial_branches": 0, "covered_branches": 0, "missing_branches": 0}, "missing_lines": [], "excluded_lines": [], "executed_branches": [], "missing_branches": []}}, "classes": {"": {"executed_lines": [1, 3], "summary": {"covered_lines": 2, "num_statements": 2, "percent_covered": 100.0, "percent_covered_display": "100", "missing_lines": 0, "excluded_lines": 0, "num_branches": 0, "num_partial_branches": 0, "covered_branches": 0, "missing_branches": 0}, "missing_lines": [], "excluded_lines": [], "executed_branches": [], "missing_branches": []}}}, "pg_neo_graph_rl/core/federated.py": {"executed_lines": [1, 4, 5, 7, 8, 9, 10, 12, 16, 17, 18, 19, 24, 27, 28, 29, 30, 31, 32, 33, 36, 37, 44, 65, 73, 74, 75, 79, 88, 89, 92, 93, 94, 96, 97, 98, 99, 102, 103, 104, 105, 106, 115, 116, 117, 123, 125, 126, 133, 135, 136, 138, 140, 141, 142, 143, 144, 145, 156, 158, 164, 168, 291, 325, 339, 504, 516, 520], "summary": {"covered_lines": 65, "num_statements": 236, "percent_covered": 22.865853658536587, "percent_covered_display": "23", "missing_lines": 171, "excluded_lines": 0, "num_branches": 92, "num_partial_branches": 4, "covered_branches": 10, "missing_branches": 82}, "missing_lines": [76, 77, 112, 118, 119, 120, 121, 146, 148, 149, 150, 152, 153, 154, 160, 161, 162, 166, 175, 177, 178, 180, 182, 183, 184, 186, 187, 190, 191, 195, 197, 199, 200, 209, 212, 213, 215, 216, 218, 219, 222, 223, 225, 226, 227, 229, 230, 231, 232, 234, 237, 238, 240, 242, 247, 249, 250, 251, 253, 254, 257, 266, 268, 272, 274, 275, 276, 278, 279, 287, 289, 306, 307, 309, 310, 313, 314, 316, 317, 318, 321, 323, 328, 329, 332, 333, 334, 335, 337, 350, 352, 354, 355, 357, 358, 363, 364, 366, 367, 368, 370, 373, 374, 376, 378, 379, 380, 381, 383, 384, 392, 394, 395, 396, 397, 399, 400, 401, 402, 403, 404, 405, 407, 409, 411, 413, 414, 416, 417, 418, 420, 421, 423, 424, 425, 427, 428, 429, 431, 433, 434, 435, 436, 438, 439, 441, 442, 446, 447, 450, 452, 462, 465, 466, 473, 474, 477, 478, 486, 488, 489, 490, 495, 496, 502, 506, 507, 518, 522, 523, 524], "excluded_lines": [], "executed_branches": [[102, 103], [105, 106], [125, 126], [138, 140], [141, 142], [141, 156], [142, 141], [142, 143], [144, 142], [144, 145]], "missing_branches": [[102, 112], [105, 115], [125, -44], [138, 146], [146, 148], [146, 150], [148, 149], [148, 156], [150, 152], [150, 156], [152, 153], [152, 156], [177, 178], [177, 180], [182, 183], [182, 186], [190, 191], [190, 195], [197, 199], [197, 209], [212, 213], [212, 218], [225, 226], [225, 234], [240, 242], [240, 257], [249, 250], [249, 253], [253, 254], [253, 257], [278, 279], [278, 287], [306, 307], [306, 309], [309, 310], [309, 313], [314, 316], [314, 323], [316, 317], [316, 321], [328, 329], [328, 332], [333, 334], [333, 337], [354, 355], [354, 357], [357, 358], [357, 363], [366, 367], [366, 409], [368, 370], [368, 376], [373, 374], [373, 376], [383, 384], [383, 392], [392, 394], [392, 407], [396, 397], [396, 405], [397, 399], [397, 403], [400, 396], [400, 401], [401, 400], [401, 402], [403, 396], [403, 404], [411, 413], [411, 431], [416, 417], [416, 450], [418, 420], [418, 423], [431, 433], [431, 446], [465, 466], [465, 477], [473, 474], [473, 477], [495, 496], [495, 502]], "functions": {"FederatedGraphRL.__init__": {"executed_lines": [65, 73, 74, 75, 79, 88, 89, 92, 93, 94, 96, 97, 98, 99, 102, 103, 104, 105, 106, 115, 116, 117, 123, 125, 126], "summary": {"covered_lines": 25, "num_statements": 32, "percent_covered": 73.6842105263158, "percent_covered_display": "74", "missing_lines": 7, "excluded_lines": 0, "num_branches": 6, "num_partial_branches": 3, "covered_branches": 3, "missing_branches": 3}, "missing_lines": [76, 77, 112, 118, 119, 120, 121], "excluded_lines": [], "executed_branches": [[102, 103], [105, 106], [125, 126]], "missing_branches": [[102, 112], [105, 115], [125, -44]]}, "FederatedGraphRL._build_communication_graph": {"executed_lines": [135, 136, 138, 140, 141, 142, 143, 144, 145, 156], "summary": {"covered_lines": 10, "num_statements": 17, "percent_covered": 51.515151515151516, "percent_covered_display": "52", "missing_lines": 7, "excluded_lines": 0, "num_branches": 16, "num_partial_branches": 1, "covered_branches": 7, "missing_branches": 9}, "missing_lines": [146, 148, 149, 150, 152, 153, 154], "excluded_lines": [], "executed_branches": [[138, 140], [141, 142], [141, 156], [142, 141], [142, 143], [144, 142], [144, 145]], "missing_branches": [[138, 146], [146, 148], [146, 150], [148, 149], [148, 156], [150, 152], [150, 156], [152, 153], [152, 156]]}, "FederatedGraphRL.register_agent": {"executed_lines": [], "summary": {"covered_lines": 0, "num_statements": 3, "percent_covered": 0.0, "percent_covered_display": "0", "missing_lines": 3, "excluded_lines": 0, "num_branches": 0, "num_partial_branches": 0, "covered_branches": 0, "missing_branches": 0}, "missing_lines": [160, 161, 162], "excluded_lines": [], "executed_branches": [], "missing_branches": []}, "FederatedGraphRL.get_neighbors": {"executed_lines": [], "summary": {"covered_lines": 0, "num_statements": 1, "percent_covered": 0.0, "percent_covered_display": "0", "missing_lines": 1, "excluded_lines": 0, "num_branches": 0, "num_partial_branches": 0, "covered_branches": 0, "missing_branches": 0}, "missing_lines": [166], "excluded_lines": [], "executed_branches": [], "missing_branches": []}, "FederatedGraphRL.get_subgraph": {"executed_lines": [], "summary": {"covered_lines": 0, "num_statements": 53, "percent_covered": 0.0, "percent_covered_display": "0", "missing_lines": 53, "excluded_lines": 0, "num_branches": 20, "num_partial_branches": 0, "covered_branches": 0, "missing_branches": 20}, "missing_lines": [175, 177, 178, 180, 182, 183, 184, 186, 187, 190, 191, 195, 197, 199, 200, 209, 212, 213, 215, 216, 218, 219, 222, 223, 225, 226, 227, 229, 230, 231, 232, 234, 237, 238, 240, 242, 247, 249, 250, 251, 253, 254, 257, 266, 268, 272, 274, 275, 276, 278, 279, 287, 289], "excluded_lines": [], "executed_branches": [], "missing_branches": [[177, 178], [177, 180], [182, 183], [182, 186], [190, 191], [190, 195], [197, 199], [197, 209], [212, 213], [212, 218], [225, 226], [225, 234], [240, 242], [240, 257], [249, 250], [249, 253], [253, 254], [253, 257], [278, 279], [278, 287]]}, "FederatedGraphRL.gossip_aggregate": {"executed_lines": [], "summary": {"covered_lines": 0, "num_statements": 11, "percent_covered": 0.0, "percent_covered_display": "0", "missing_lines": 11, "excluded_lines": 0, "num_branches": 8, "num_partial_branches": 0, "covered_branches": 0, "missing_branches": 8}, "missing_lines": [306, 307, 309, 310, 313, 314, 316, 317, 318, 321, 323], "excluded_lines": [], "executed_branches": [], "missing_branches": [[306, 307], [306, 309], [309, 310], [309, 313], [314, 316], [314, 323], [316, 317], [316, 321]]}, "FederatedGraphRL.hierarchical_aggregate": {"executed_lines": [], "summary": {"covered_lines": 0, "num_statements": 7, "percent_covered": 0.0, "percent_covered_display": "0", "missing_lines": 7, "excluded_lines": 0, "num_branches": 4, "num_partial_branches": 0, "covered_branches": 0, "missing_branches": 4}, "missing_lines": [328, 329, 332, 333, 334, 335, 337], "excluded_lines": [], "executed_branches": [], "missing_branches": [[328, 329], [328, 332], [333, 334], [333, 337]]}, "FederatedGraphRL.federated_round": {"executed_lines": [], "summary": {"covered_lines": 0, "num_statements": 76, "percent_covered": 0.0, "percent_covered_display": "0", "missing_lines": 76, "excluded_lines": 0, "num_branches": 38, "num_partial_branches": 0, "covered_branches": 0, "missing_branches": 38}, "missing_lines": [350, 352, 354, 355, 357, 358, 363, 364, 366, 367, 368, 370, 373, 374, 376, 378, 379, 380, 381, 383, 384, 392, 394, 395, 396, 397, 399, 400, 401, 402, 403, 404, 405, 407, 409, 411, 413, 414, 416, 417, 418, 420, 421, 423, 424, 425, 427, 428, 429, 431, 433, 434, 435, 436, 438, 439, 441, 442, 446, 447, 450, 452, 462, 465, 466, 473, 474, 477, 478, 486, 488, 489, 490, 495, 496, 502], "excluded_lines": [], "executed_branches": [], "missing_branches": [[354, 355], [354, 357], [357, 358], [357, 363], [366, 367], [366, 409], [368, 370], [368, 376], [373, 374], [373, 376], [383, 384], [383, 392], [392, 394], [392, 407], [396, 397], [396, 405], [397, 399], [397, 403], [400, 396], [400, 401], [401, 400], [401, 402], [403, 396], [403, 404], [411, 413], [411, 431], [416, 417], [416, 450], [418, 420], [418, 423], [431, 433], [431, 446], [465, 466], [465, 477], [473, 474], [473, 477], [495, 496], [495, 502]]}, "FederatedGraphRL.get_communication_stats": {"executed_lines": [], "summary": {"covered_lines": 0, "num_statements": 2, "percent_covered": 0.0, "percent_covered_display": "0", "missing_lines": 2, "excluded_lines": 0, "num_branches": 0, "num_partial_branches": 0, "covered_branches": 0, "missing_branches": 0}, "missing_lines": [506, 507], "excluded_lines": [], "executed_branches": [], "missing_branches": []}, "FederatedGraphRL.step": {"executed_lines": [], "summary": {"covered_lines": 0, "num_statements": 1, "percent_covered": 0.0, "percent_covered_display": "0", "missing_lines": 1, "excluded_lines": 0, "num_branches": 0, "num_partial_branches": 0, "covered_branches": 0, "missing_branches": 0}, "missing_lines": [518], "excluded_lines": [], "executed_branches": [], "missing_branches": []}, "FederatedGraphRL.reset": {"executed_lines": [], "summary": {"covered_lines": 0, "num_statements": 3, "percent_covered": 0.0, "percent_covered_display": "0", "missing_lines": 3, "excluded_lines": 0, "num_branches": 0, "num_partial_branches": 0, "covered_branches": 0, "missing_branches": 0}, "missing_lines": [522, 523, 524], "excluded_lines": [], "executed_branches": [], "missing_branches": []}, "": {"executed_lines": [1, 4, 5, 7, 8, 9, 10, 12, 16, 17, 18, 19, 24, 27, 28, 29, 30, 31, 32, 33, 36, 37, 44, 133, 158, 164, 168, 291, 325, 339, 504, 516, 520], "summary": {"covered_lines": 30, "num_statements": 30, "percent_covered": 100.0, "percent_covered_display": "100", "missing_lines": 0, "excluded_lines": 0, "num_branches": 0, "num_partial_branches": 0, "covered_branches": 0, "missing_branches": 0}, "missing_lines": [], "excluded_lines": [], "executed_branches": [], "missing_branches": []}}, "classes": {"FederatedConfig": {"executed_lines": [], "summary": {"covered_lines": 0, "num_statements": 0, "percent_covered": 100.0, "percent_covered_display": "100", "missing_lines": 0, "excluded_lines": 0, "num_branches": 0, "num_partial_branches": 0, "covered_branches": 0, "missing_branches": 0}, "missing_lines": [], "excluded_lines": [], "executed_branches": [], "missing_branches": []}, "FederatedGraphRL": {"executed_lines": [65, 73, 74, 75, 79, 88, 89, 92, 93, 94, 96, 97, 98, 99, 102, 103, 104, 105, 106, 115, 116, 117, 123, 125, 126, 135, 136, 138, 140, 141, 142, 143, 144, 145, 156], "summary": {"covered_lines": 35, "num_statements": 206, "percent_covered": 15.100671140939598, "percent_covered_display": "15", "missing_lines": 171, "excluded_lines": 0, "num_branches": 92, "num_partial_branches": 4, "covered_branches": 10, "missing_branches": 82}, "missing_lines": [76, 77, 112, 118, 119, 120, 121, 146, 148, 149, 150, 152, 153, 154, 160, 161, 162, 166, 175, 177, 178, 180, 182, 183, 184, 186, 187, 190, 191, 195, 197, 199, 200, 209, 212, 213, 215, 216, 218, 219, 222, 223, 225, 226, 227, 229, 230, 231, 232, 234, 237, 238, 240, 242, 247, 249, 250, 251, 253, 254, 257, 266, 268, 272, 274, 275, 276, 278, 279, 287, 289, 306, 307, 309, 310, 313, 314, 316, 317, 318, 321, 323, 328, 329, 332, 333, 334, 335, 337, 350, 352, 354, 355, 357, 358, 363, 364, 366, 367, 368, 370, 373, 374, 376, 378, 379, 380, 381, 383, 384, 392, 394, 395, 396, 397, 399, 400, 401, 402, 403, 404, 405, 407, 409, 411, 413, 414, 416, 417, 418, 420, 421, 423, 424, 425, 427, 428, 429, 431, 433, 434, 435, 436, 438, 439, 441, 442, 446, 447, 450, 452, 462, 465, 466, 473, 474, 477, 478, 486, 488, 489, 490, 495, 496, 502, 506, 507, 518, 522, 523, 524], "excluded_lines": [], "executed_branches": [[102, 103], [105, 106], [125, 126], [138, 140], [141, 142], [141, 156], [142, 141], [142, 143], [144, 142], [144, 145]], "missing_branches": [[102, 112], [105, 115], [125, -44], [138, 146], [146, 148], [146, 150], [148, 149], [148, 156], [150, 152], [150, 156], [152, 153], [152, 156], [177, 178], [177, 180], [182, 183], [182, 186], [190, 191], [190, 195], [197, 199], [197, 209], [212, 213], [212, 218], [225, 226], [225, 234], [240, 242], [240, 257], [249, 250], [249, 253], [253, 254], [253, 257], [278, 279], [278, 287], [306, 307], [306, 309], [309, 310], [309, 313], [314, 316], [314, 323], [316, 317], [316, 321], [328, 329], [328, 332], [333, 334], [333, 337], [354, 355], [354, 357], [357, 358], [357, 363], [366, 367], [366, 409], [368, 370], [368, 376], [373, 374], [373, 376], [383, 384], [383, 392], [392, 394], [392, 407], [396, 397], [396, 405], [397, 399], [397, 403], [400, 396], [400, 401], [401, 400], [401, 402], [403, 396], [403, 404], [411, 413], [411, 431], [416, 417], [416, 450], [418, 420], [418, 423], [431, 433], [431, 446], [465, 466], [465, 477], [473, 474], [473, 477], [495, 496], [495, 502]]}, "": {"executed_lines": [1, 4, 5, 7, 8, 9, 10, 12, 16, 17, 18, 19, 24, 27, 28, 29, 30, 31, 32, 33, 36, 37, 44, 133, 158, 164, 168, 291, 325, 339, 504, 516, 520], "summary": {"covered_lines": 30, "num_statements": 30, "percent_covered": 100.0, "percent_covered_display": "100", "missing_lines": 0, "excluded_lines": 0, "num_branches": 0, "num_partial_branches": 0, "covered_branches": 0, "missing_branches": 0}, "missing_lines": [], "excluded_lines": [], "executed_branches": [], "missing_branches": []}}}, "pg_neo_graph_rl/core/types.py": {"executed_lines": [1, 4, 5, 7, 10, 11, 12, 13, 14, 15, 16, 17], "summary": {"covered_lines": 10, "num_statements": 10, "percent_covered": 100.0, "percent_covered_display": "100", "missing_lines": 0, "excluded_lines": 0, "num_branches": 0, "num_partial_branches": 0, "covered_branches": 0, "missing_branches": 0}, "missing_lines": [], "excluded_lines": [], "executed_branches": [], "missing_branches": [], "functions": {"": {"executed_lines": [1, 4, 5, 7, 10, 11, 12, 13, 14, 15, 16, 17], "summary": {"covered_lines": 10, "num_statements": 10, "percent_covered": 100.0, "percent_covered_display": "100", "missing_lines": 0, "excluded_lines": 0, "num_branches": 0, "num_partial_branches": 0, "covered_branches": 0, "missing_branches": 0}, "missing_lines": [], "excluded_lines": [], "executed_branches": 
[...]
 "missing_branches": [[39, 40], [39, 42], [42, -36], [42, 43]]}, "SecurityValidator.sanitize_config": {"executed_lines": [], "summary": {"covered_lines": 0, "num_statements": 11, "percent_covered": 0.0, "percent_covered_display": "0", "missing_lines": 11, "excluded_lines": 0, "num_branches": 10, "num_partial_branches": 0, "covered_branches": 0, "missing_branches": 10}, "missing_lines": [48, 50, 52, 53, 56, 57, 58, 61, 62, 64, 66], "excluded_lines": [], "executed_branches": [], "missing_branches": [[50, 52], [50, 66], [52, 53], [52, 56], [56, 57], [56, 61], [57, 58], [57, 61], [61, 62], [61, 64]]}, "add_differential_privacy_noise": {"executed_lines": [], "summary": {"covered_lines": 0, "num_statements": 8, "percent_covered": 0.0, "percent_covered_display": "0", "missing_lines": 8, "excluded_lines": 0, "num_branches": 4, "num_partial_branches": 0, "covered_branches": 0, "missing_branches": 4}, "missing_lines": [73, 74, 76, 77, 79, 80, 84, 86], "excluded_lines": [], "executed_branches": [], "missing_branches": [[73, 74], [73, 76], [79, 80], [79, 86]]}, "validate_input_data": {"executed_lines": [], "summary": {"covered_lines": 0, "num_statements": 9, "percent_covered": 0.0, "percent_covered_display": "0", "missing_lines": 9, "excluded_lines": 0, "num_branches": 8, "num_partial_branches": 0, "covered_branches": 0, "missing_branches": 8}, "missing_lines": [91, 94, 95, 96, 99, 101, 102, 105, 106], "excluded_lines": [], "executed_branches": [], "missing_branches": [[95, 96], [95, 99], [99, -89], [99, 101], [101, 102], [101, 105], [105, -89], [105, 106]]}, "check_gradient_norm": {"executed_lines": [], "summary": {"covered_lines": 0, "num_statements": 15, "percent_covered": 0.0, "percent_covered_display": "0", "missing_lines": 15, "excluded_lines": 0, "num_branches": 14, "num_partial_branches": 0, "covered_branches": 0, "missing_branches": 14}, "missing_lines": [112, 114, 115, 117, 119, 120, 121, 122, 123, 124, 125, 127, 129, 130, 132], "excluded_lines": [], "executed_branches": [], "missing_branches": [[114, 115], [114, 127], [115, 114], [115, 117], [117, 119], [117, 123], [119, 114], [119, 120], [120, 119], [120, 121], [123, 114], [123, 124], [129, 130], [129, 132]]}, "secure_random_key": {"executed_lines": [137, 138, 141, 142, 144], "summary": {"covered_lines": 5, "num_statements": 5, "percent_covered": 85.71428571428571, "percent_covered_display": "86", "missing_lines": 0, "excluded_lines": 0, "num_branches": 2, "num_partial_branches": 1, "covered_branches": 1, "missing_branches": 1}, "missing_lines": [], "excluded_lines": [], "executed_branches": [[137, 138]], "missing_branches": [[137, 141]]}, "compute_data_hash": {"executed_lines": [], "summary": {"covered_lines": 0, "num_statements": 2, "percent_covered": 0.0, "percent_covered_display": "0", "missing_lines": 2, "excluded_lines": 0, "num_branches": 0, "num_partial_branches": 0, "covered_branches": 0, "missing_branches": 0}, "missing_lines": [149, 150], "excluded_lines": [], "executed_branches": [], "missing_branches": []}, "verify_data_integrity": {"executed_lines": [], "summary": {"covered_lines": 0, "num_statements": 2, "percent_covered": 0.0, "percent_covered_display": "0", "missing_lines": 2, "excluded_lines": 0, "num_branches": 0, "num_partial_branches": 0, "covered_branches": 0, "missing_branches": 0}, "missing_lines": [155, 156], "excluded_lines": [], "executed_branches": [], "missing_branches": []}, "SecurityAudit.__init__": {"executed_lines": [163, 164, 165], "summary": {"covered_lines": 3, "num_statements": 3, "percent_covered": 100.0, "percent_covered_display": "100", "missing_lines": 0, "excluded_lines": 0, "num_branches": 0, "num_partial_branches": 0, "covered_branches": 0, "missing_branches": 0}, "missing_lines": [], "excluded_lines": [], "executed_branches": [], "missing_branches": []}, "SecurityAudit.log_security_event": {"executed_lines": [173, 181, 184, 186, 188, 191], "summary": {"covered_lines": 6, "num_statements": 9, "percent_covered": 60.0, "percent_covered_display": "60", "missing_lines": 3, "excluded_lines": 0, "num_branches": 6, "num_partial_branches": 3, "covered_branches": 3, "missing_branches": 3}, "missing_lines": [185, 187, 189], "excluded_lines": [], "executed_branches": [[184, 186], [186, 188], [188, 191]], "missing_branches": [[184, 185], [186, 187], [188, 189]]}, "SecurityAudit.get_security_summary": {"executed_lines": [], "summary": {"covered_lines": 0, "num_statements": 7, "percent_covered": 0.0, "percent_covered_display": "0", "missing_lines": 7, "excluded_lines": 0, "num_branches": 2, "num_partial_branches": 0, "covered_branches": 0, "missing_branches": 2}, "missing_lines": [195, 196, 197, 198, 199, 200, 202], "excluded_lines": [], "executed_branches": [], "missing_branches": [[196, 197], [196, 202]]}, "": {"executed_lines": [1, 4, 5, 6, 7, 8, 10, 11, 13, 16, 17, 19, 20, 36, 37, 45, 46, 69, 89, 109, 135, 147, 153, 159, 160, 162, 167, 193], "summary": {"covered_lines": 25, "num_statements": 25, "percent_covered": 100.0, "percent_covered_display": "100", "missing_lines": 0, "excluded_lines": 0, "num_branches": 0, "num_partial_branches": 0, "covered_branches": 0, "missing_branches": 0}, "missing_lines": [], "excluded_lines": [], "executed_branches": [], "missing_branches": []}}, "classes": {"SecurityValidator": {"executed_lines": [], "summary": {"covered_lines": 0, "num_statements": 23, "percent_covered": 0.0, "percent_covered_display": "0", "missing_lines": 23, "excluded_lines": 0, "num_branches": 20, "num_partial_branches": 0, "covered_branches": 0, "missing_branches": 20}, "missing_lines": [22, 23, 26, 27, 30, 31, 32, 34, 39, 40, 42, 43, 48, 50, 52, 53, 56, 57, 58, 61, 62, 64, 66], "excluded_lines": [], "executed_branches": [], "missing_branches": [[22, 23], [22, 26], [26, 27], [26, 30], [31, 32], [31, 34], [39, 40], [39, 42], [42, -36], [42, 43], [50, 52], [50, 66], [52, 53], [52, 56], [56, 57], [56, 61], [57, 58], [57, 61], [61, 62], [61, 64]]}, "SecurityAudit": {"executed_lines": [163, 164, 165, 173, 181, 184, 186, 188, 191], "summary": {"covered_lines": 9, "num_statements": 19, "percent_covered": 44.44444444444444, "percent_covered_display": "44", "missing_lines": 10, "excluded_lines": 0, "num_branches": 8, "num_partial_branches": 3, "covered_branches": 3, "missing_branches": 5}, "missing_lines": [185, 187, 189, 195, 196, 197, 198, 199, 200, 202], "excluded_lines": [], "executed_branches": [[184, 186], [186, 188], [188, 191]], "missing_branches": [[184, 185], [186, 187], [188, 189], [196, 197], [196, 202]]}, "": {"executed_lines": [1, 4, 5, 6, 7, 8, 10, 11, 13, 16, 17, 19, 20, 36, 37, 45, 46, 69, 89, 109, 135, 137, 138, 141, 142, 144, 147, 153, 159, 160, 162, 167, 193], "summary": {"covered_lines": 30, "num_statements": 66, "percent_covered": 32.97872340425532, "percent_covered_display": "33", "missing_lines": 36, "excluded_lines": 0, "num_branches": 28, "num_partial_branches": 1, "covered_branches": 1, "missing_branches": 27}, "missing_lines": [73, 74, 76, 77, 79, 80, 84, 86, 91, 94, 95, 96, 99, 101, 102, 105, 106, 112, 114, 115, 117, 119, 120, 121, 122, 123, 124, 125, 127, 129, 130, 132, 149, 150, 155, 156], "excluded_lines": [], "executed_branches": [[137, 138]], "missing_branches": [[73, 74], [73, 76], [79, 80], [79, 86], [95, 96], [95, 99], [99, -89], [99, 101], [101, 102], [101, 105], [105, -89], [105, 106], [114, 115], [114, 127], [115, 114], [115, 117], [117, 119], [117, 123], [119, 114], [119, 120], [120, 119], [120, 121], [123, 114], [123, 124], [129, 130], [129, 132], [137, 141]]}}}, "pg_neo_graph_rl/utils/validation.py": {"executed_lines": [1, 4, 5, 7, 9, 10, 11, 14, 24, 28, 31, 32, 37, 38, 42, 45, 49, 50, 51, 57, 58, 62, 65, 72, 76, 77, 80, 87, 88, 91, 98, 159, 230, 240, 243, 245, 246, 249, 250, 256, 263, 264, 265, 272, 273, 274, 281, 322, 338, 341, 347, 354, 391], "summary": {"covered_lines": 52, "num_statements": 174, "percent_covered": 25.757575757575758, "percent_covered_display": "26", "missing_lines": 122, "excluded_lines": 0, "num_branches": 156, "num_partial_branches": 27, "covered_branches": 33, "missing_branches": 123}, "missing_lines": [25, 29, 39, 43, 46, 52, 59, 63, 66, 73, 78, 81, 89, 92, 109, 110, 112, 114, 115, 116, 119, 120, 121, 123, 124, 127, 128, 129, 130, 132, 133, 136, 137, 138, 139, 140, 141, 142, 147, 148, 149, 150, 151, 152, 153, 170, 171, 174, 175, 177, 178, 179, 181, 182, 183, 188, 189, 194, 195, 197, 198, 199, 201, 202, 203, 208, 209, 211, 212, 213, 215, 216, 217, 222, 223, 224, 241, 247, 251, 257, 266, 275, 295, 296, 298, 299, 301, 303, 304, 305, 307, 308, 309, 310, 311, 313, 314, 316, 339, 342, 348, 369, 370, 372, 373, 379, 382, 383, 384, 385, 412, 413, 415, 416, 421, 422, 428, 431, 432, 433, 439, 440], "excluded_lines": [], "executed_branches": [[24, 28], [28, 31], [31, 32], [31, 37], [38, 42], [42, 45], [45, 49], [49, 50], [51, 57], [58, 62], [62, 65], [65, 72], [72, 76], [76, 77], [77, 80], [80, 87], [87, -14], [87, 88], [88, 91], [91, -14], [240, 243], [245, 246], [245, 249], [246, 245], [250, 256], [256, 263], [263, 264], [265, 272], [272, 273], [274, -230], [338, 341], [341, 347], [347, -322]], "missing_branches": [[24, 25], [28, 29], [38, 39], [42, 43], [45, 46], [49, 62], [51, 52], [58, 59], [62, 63], [65, 66], [72, 73], [76, 87], [77, 78], [80, 81], [88, 89], [91, 92], [109, 110], [109, 112], [114, 115], [114, 119], [115, 114], [115, 116], [120, 121], [120, 123], [123, 124], [123, 127], [127, 128], [127, 136], [129, 130], [129, 132], [132, 127], [132, 133], [136, 137], [136, 147], [138, -98], [138, 139], [139, 138], [139, 140], [141, 138], [141, 142], [147, -98], [147, 148], [149, -98], [149, 150], [150, 149], [150, 151], [152, 149], [152, 153], [170, 171], [170, 174], [174, 175], [174, 194], [177, 178], [177, 181], [178, 177], [178, 179], [182, 183], [182, 188], [188, -159], [188, 189], [194, 195], [194, 208], [197, 198], [197, 201], [198, 197], [198, 199], [202, -159], [202, 203], [208, -159], [208, 209], [211, 212], [211, 215], [212, 211], [212, 213], [216, 217], [216, 222], [223, -159], [223, 224], [240, 241], [246, 247], [250, 251], [256, 257], [263, 272], [265, 266], [272, -230], [274, 275], [295, 296], [295, 298], [298, 299], [298, 301], [303, 304], [303, 316], [304, 305], [304, 307], [308, 309], [308, 313], [309, 308], [309, 310], [313, 303], [313, 314], [338, 339], [341, 342], [347, 348], [369, 370], [369, 372], [372, 373], [372, 379], [382, -354], [382, 383], [384, -354], [384, 385], [412, 413], [412, 415], [415, 416], [415, 421], [421, 422], [421, 428], [431, 432], [431, 439], [432, 433], [432, 439], [439, -391], [439, 440]], "functions": {"validate_graph_state": {"executed_lines": [24, 28, 31, 32, 37, 38, 42, 45, 49, 50, 51, 57, 58, 62, 65, 72, 76, 77, 80, 87, 88, 91], "summary": {"covered_lines": 22, "num_statements": 36, "percent_covered": 58.333333333333336, "percent_covered_display": "58", "missing_lines": 14, "excluded_lines": 0, "num_branches": 36, "num_partial_branches": 16, "covered_branches": 20, "missing_branches": 16}, "missing_lines": [25, 29, 39, 43, 46, 52, 59, 63, 66, 73, 78, 81, 89, 92], "excluded_lines": [], "executed_branches": [[24, 28], [28, 31], [31, 32], [31, 37], [38, 42], [42, 45], [45, 49], [49, 50], [51, 57], [58, 62], [62, 65], [65, 72], [72, 76], [76, 77], [77, 80], [80, 87], [87, -14], [87, 88], [88, 91], [91, -14]], "missing_branches": [[24, 25], [28, 29], [38, 39], [42, 43], [45, 46], [49, 62], [51, 52], [58, 59], [62, 63], [65, 66], [72, 73], [76, 87], [77, 78], [80, 81], [88, 89], [91, 92]]}, "validate_agent_config": {"executed_lines": [], "summary": {"covered_lines": 0, "num_statements": 31, "percent_covered": 0.0, "percent_covered_display": "0", "missing_lines": 31, "excluded_lines": 0, "num_branches": 32, "num_partial_branches": 0, "covered_branches": 0, "missing_branches": 32}, "missing_lines": [109, 110, 112, 114, 115, 116, 119, 120, 121, 123, 124, 127, 128, 129, 130, 132, 133, 136, 137, 138, 139, 140, 141, 142, 147, 148, 149, 150, 151, 152, 153], "excluded_lines": [], "executed_branches": [], "missing_branches": [[109, 110], [109, 112], [114, 115], [114, 119], [115, 114], [115, 116], [120, 121], [120, 123], [123, 124], [123, 127], [127, 128], [127, 136], [129, 130], [129, 132], [132, 127], [132, 133], [136, 137], [136, 147], [138, -98], [138, 139], [139, 138], [139, 140], [141, 138], [141, 142], [147, -98], [147, 148], [149, -98], [149, 150], [150, 149], [150, 151], [152, 149], [152, 153]]}, "validate_environment_config": {"executed_lines": [], "summary": {"covered_lines": 0, "num_statements": 31, "percent_covered": 0.0, "percent_covered_display": "0", "missing_lines": 31, "excluded_lines": 0, "num_branches": 30, "num_partial_branches": 0, "covered_branches": 0, "missing_branches": 30}, "missing_lines": [170, 171, 174, 175, 177, 178, 179, 181, 182, 183, 188, 189, 194, 195, 197, 198, 199, 201, 202, 203, 208, 209, 211, 212, 213, 215, 216, 217, 222, 223, 224], "excluded_lines": [], "executed_branches": [], "missing_branches": [[170, 171], [170, 174], [174, 175], [174, 194], [177, 178], [177, 181], [178, 177], [178, 179], [182, 183], [182, 188], [188, -159], [188, 189], [194, 195], [194, 208], [197, 198], [197, 201], [198, 197], [198, 199], [202, -159], [202, 203], [208, -159], [208, 209], [211, 212], [211, 215], [212, 211], [212, 213], [216, 217], [216, 222], [223, -159], [223, 224]]}, "validate_federated_config": {"executed_lines": [240, 243, 245, 246, 249, 250, 256, 263, 264, 265, 272, 273, 274], "summary": {"covered_lines": 13, "num_statements": 19, "percent_covered": 62.16216216216216, "percent_covered_display": "62", "missing_lines": 6, "excluded_lines": 0, "num_branches": 18, "num_partial_branches": 8, "covered_branches": 10, "missing_branches": 8}, "missing_lines": [241, 247, 251, 257, 266, 275], "excluded_lines": [], "executed_branches": [[240, 243], [245, 246], [245, 249], [246, 245], [250, 256], [256, 263], [263, 264], [265, 272], [272, 273], [274, -230]], "missing_branches": [[240, 241], [246, 247], [250, 251], [256, 257], [263, 272], [265, 266], [272, -230], [274, 275]]}, "validate_array_shape": {"executed_lines": [], "summary": {"covered_lines": 0, "num_statements": 16, "percent_covered": 0.0, "percent_covered_display": "0", "missing_lines": 16, "excluded_lines": 0, "num_branches": 14, "num_partial_branches": 0, "covered_branches": 0, "missing_branches": 14}, "missing_lines": [295, 296, 298, 299, 301, 303, 304, 305, 307, 308, 309, 310, 311, 313, 314, 316], "excluded_lines": [], "executed_branches": [], "missing_branches": [[295, 296], [295, 298], [298, 299], [298, 301], [303, 304], [303, 316], [304, 305], [304, 307], [308, 309], [308, 313], [309, 308], [309, 310], [313, 303], [313, 314]]}, "validate_numeric_range": {"executed_lines": [338, 341, 347], "summary": {"covered_lines": 3, "num_statements": 6, "percent_covered": 50.0, "percent_covered_display": "50", "missing_lines": 3, "excluded_lines": 0, "num_branches": 6, "num_partial_branches": 3, "covered_branches": 3, "missing_branches": 3}, "missing_lines": [339, 342, 348], "excluded_lines": [], "executed_branches": [[338, 341], [341, 347], [347, -322]], "missing_branches": [[338, 339], [341, 342], [347, 348]]}, "validate_file_path": {"executed_lines": [], "summary": {"covered_lines": 0, "num_statements": 9, "percent_covered": 0.0, "percent_covered_display": "0", "missing_lines": 9, "excluded_lines": 0, "num_branches": 8, "num_partial_branches": 0, "covered_branches": 0, "missing_branches": 8}, "missing_lines": [369, 370, 372, 373, 379, 382, 383, 384, 385], "excluded_lines": [], "executed_branches": [], "missing_branches": [[369, 370], [369, 372], [372, 373], [372, 379], [382, -354], [382, 383], [384, -354], [384, 385]]}, "validate_string_input": {"executed_lines": [], "summary": {"covered_lines": 0, "num_statements": 12, "percent_covered": 0.0, "percent_covered_display": "0", "missing_lines": 12, "excluded_lines": 0, "num_branches": 12, "num_partial_branches": 0, "covered_branches": 0, "missing_branches": 12}, "missing_lines": [412, 413, 415, 416, 421, 422, 428, 431, 432, 433, 439, 440], "excluded_lines": [], "executed_branches": [], "missing_branches": [[412, 413], [412, 415], [415, 416], [415, 421], [421, 422], [421, 428], [431, 432], [431, 439], [432, 433], [432, 439], [439, -391], [439, 440]]}, "": {"executed_lines": [1, 4, 5, 7, 9, 10, 11, 14, 98, 159, 230, 281, 322, 354, 391], "summary": {"covered_lines": 14, "num_statements": 14, "percent_covered": 100.0, "percent_covered_display": "100", "missing_lines": 0, "excluded_lines": 0, "num_branches": 0, "num_partial_branches": 0, "covered_branches": 0, "missing_branches": 0}, "missing_lines": [], "excluded_lines": [], "executed_branches": [], "missing_branches": []}}, "classes": {"": {"executed_lines": [1, 4, 5, 7, 9, 10, 11, 14, 24, 28, 31, 32, 37, 38, 42, 45, 49, 50, 51, 57, 58, 62, 65, 72, 76, 77, 80, 87, 88, 91, 98, 159, 230, 240, 243, 245, 246, 249, 250, 256, 263, 264, 265, 272, 273, 274, 281, 322, 338, 341, 347, 354, 391], "summary": {"covered_lines": 52, "num_statements": 174, "percent_covered": 25.757575757575758, "percent_covered_display": "26", "missing_lines": 122, "excluded_lines": 0, "num_branches": 156, "num_partial_branches": 27, "covered_branches": 33, "missing_branches": 123}, "missing_lines": [25, 29, 39, 43, 46, 52, 59, 63, 66, 73, 78, 81, 89, 92, 109, 110, 112, 114, 115, 116, 119, 120, 121, 123, 124, 127, 128, 129, 130, 132, 133, 136, 137, 138, 139, 140, 141, 142, 147, 148, 149, 150, 151, 152, 153, 170, 171, 174, 175, 177, 178, 179, 181, 182, 183, 188, 189, 194, 195, 197, 198, 199, 201, 202, 203, 208, 209, 211, 212, 213, 215, 216, 217, 222, 223, 224, 241, 247, 251, 257, 266, 275, 295, 296, 298, 299, 301, 303, 304, 305, 307, 308, 309, 310, 311, 313, 314, 316, 339, 342, 348, 369, 370, 372, 373, 379, 382, 383, 384, 385, 412, 413, 415, 416, 421, 422, 428, 431, 432, 433, 439, 440], "excluded_lines": [], "executed_branches": [[24, 28], [28, 31], [31, 32], [31, 37], [38, 42], [42, 45], [45, 49], [49, 50], [51, 57], [58, 62], [62, 65], [65, 72], [72, 76], [76, 77], [77, 80], [80, 87], [87, -14], [87, 88], [88, 91], [91, -14], [240, 243], [245, 246], [245, 249], [246, 245], [250, 256], [256, 263], [263, 264], [265, 272], [272, 273], [274, -230], [338, 341], [341, 347], [347, -322]], "missing_branches": [[24, 25], [28, 29], [38, 39], [42, 43], [45, 46], [49, 62], [51, 52], [58, 59], [62, 63], [65, 66], [72, 73], [76, 87], [77, 78], [80, 81], [88, 89], [91, 92], [109, 110], [109, 112], [114, 115], [114, 119], [115, 114], [115, 116], [120, 121], [120, 123], [123, 124], [123, 127], [127, 128], [127, 136], [129, 130], [129, 132], [132, 127], [132, 133], [136, 137], [136, 147], [138, -98], [138, 139], [139, 138], [139, 140], [141, 138], [141, 142], [147, -98], [147, 148], [149, -98], [149, 150], [150, 149], [150, 151], [152, 149], [152, 153], [170, 171], [170, 174], [174, 175], [174, 194], [177, 178], [177, 181], [178, 177], [178, 179], [182, 183], [182, 188], [188, -159], [188, 189], [194, 195], [194, 208], [197, 198], [197, 201], [198, 197], [198, 199], [202, -159], [202, 203], [208, -159], [208, 209], [211, 212], [211, 215], [212, 211], [212, 213], [216, 217], [216, 222], [223, -159], [223, 224], [240, 241], [246, 247], [250, 251], [256, 257], [263, 272], [265, 266], [272, -230], [274, 275], [295, 296], [295, 298], [298, 299], [298, 301], [303, 304], [303, 316], [304, 305], [304, 307], [308, 309], [308, 313], [309, 308], [309, 310], [313, 303], [313, 314], [338, 339], [341, 342], [347, 348], [369, 370], [369, 372], [372, 373], [372, 379], [382, -354], [382, 383], [384, -354], [384, 385], [412, 413], [412, 415], [415, 416], [415, 421], [421, 422], [421, 428], [431, 432], [431, 439], [432, 433], [432, 439], [439, -391], [439, 440]]}}}}, "totals": {"covered_lines": 1021, "num_statements": 9609, "percent_covered": 9.056049604307743, "percent_covered_display": "9", "missing_lines": 8588, "excluded_lines": 59, "num_branches": 2648, "num_partial_branches": 65, "covered_branches": 89, "missing_branches": 2559}}